Dumpdata failed: /home/ufdxwals/virtualenv/inventoryhub/3.10/bin/python3.10_bin: can't open file '/home/ufdxwals/manage.py': [Errno 2] No such file or directory
Email sent successfully to ['itinventory@mohiafrica.org', 'noel.langat@mohiafrica.org', 'santana.macharia@mohiafrica.org']
Database backup dumped and emailed successfully.
Email sent successfully to ['itinventory@mohiafrica.org', 'noel.langat@mohiafrica.org', 'santana.macharia@mohiafrica.org']
Database backup dumped and emailed successfully.
Email sent successfully to ['itinventory@mohiafrica.org', 'noel.langat@mohiafrica.org', 'santana.macharia@mohiafrica.org']
Database backup dumped and emailed successfully.
Email sent successfully to ['itinventory@mohiafrica.org', 'noel.langat@mohiafrica.org', 'santana.macharia@mohiafrica.org']
Database backup dumped and emailed successfully.
Email sent successfully to ['itinventory@mohiafrica.org', 'noel.langat@mohiafrica.org', 'santana.macharia@mohiafrica.org']
Database backup dumped and emailed successfully.
Email sent successfully to ['itinventory@mohiafrica.org', 'noel.langat@mohiafrica.org', 'santana.macharia@mohiafrica.org']
Database backup dumped and emailed successfully.
Email sent successfully to ['itinventory@mohiafrica.org', 'noel.langat@mohiafrica.org', 'santana.macharia@mohiafrica.org']
Database backup dumped and emailed successfully.
Email sent successfully to ['itinventory@mohiafrica.org', 'noel.langat@mohiafrica.org', 'santana.macharia@mohiafrica.org']
Database backup dumped and emailed successfully.
Email sent successfully to ['itinventory@mohiafrica.org', 'noel.langat@mohiafrica.org', 'santana.macharia@mohiafrica.org']
Database backup dumped and emailed successfully.
Email sent successfully to ['itinventory@mohiafrica.org', 'noel.langat@mohiafrica.org', 'santana.macharia@mohiafrica.org']
Database backup dumped and emailed successfully.
Email sent successfully to ['itinventory@mohiafrica.org', 'noel.langat@mohiafrica.org', 'santana.macharia@mohiafrica.org']
Database backup dumped and emailed successfully.
Email sent successfully to ['itinventory@mohiafrica.org', 'noel.langat@mohiafrica.org', 'santana.macharia@mohiafrica.org']
Compressed database backup dumped and emailed successfully.
Email sent successfully to ['itinventory@mohiafrica.org', 'noel.langat@mohiafrica.org', 'santana.macharia@mohiafrica.org']
Compressed database backup dumped and emailed successfully.
Email sent successfully to ['itinventory@mohiafrica.org', 'noel.langat@mohiafrica.org', 'santana.macharia@mohiafrica.org']
Compressed database backup dumped and emailed successfully.
Email sent successfully to ['itinventory@mohiafrica.org', 'noel.langat@mohiafrica.org', 'santana.macharia@mohiafrica.org']
Compressed database backup dumped and emailed successfully.
Email sent successfully to ['itinventory@mohiafrica.org', 'noel.langat@mohiafrica.org', 'santana.macharia@mohiafrica.org']
Compressed database backup dumped and emailed successfully.
Email sent successfully to ['itinventory@mohiafrica.org', 'noel.langat@mohiafrica.org', 'santana.macharia@mohiafrica.org']
Compressed database backup dumped and emailed successfully.
Email sent successfully to ['itinventory@mohiafrica.org', 'noel.langat@mohiafrica.org', 'santana.macharia@mohiafrica.org']
Compressed database backup dumped and emailed successfully.
Backup failed: 'Settings' object has no attribute 'DB_BACKUP_ENCRYPTION_PASSWORD'
Email sent successfully to ['itinventory@mohiafrica.org', 'noel.langat@mohiafrica.org', 'santana.macharia@mohiafrica.org']
UTF-8 safe, compressed & encrypted database backup emailed successfully.
Email sent successfully to ['itinventory@mohiafrica.org', 'noel.langat@mohiafrica.org', 'santana.macharia@mohiafrica.org']
UTF-8 safe, compressed & encrypted database backup emailed successfully.
Email sent successfully to ['itinventory@mohiafrica.org', 'noel.langat@mohiafrica.org', 'santana.macharia@mohiafrica.org']
UTF-8 safe, compressed & encrypted database backup emailed successfully.
Email sent successfully to ['itinventory@mohiafrica.org', 'noel.langat@mohiafrica.org', 'santana.macharia@mohiafrica.org']
UTF-8 safe, compressed & encrypted database backup emailed successfully.
Email sent successfully to ['itinventory@mohiafrica.org', 'noel.langat@mohiafrica.org', 'santana.macharia@mohiafrica.org']
UTF-8 safe, compressed & encrypted database backup emailed successfully.
Email sent successfully to ['itinventory@mohiafrica.org', 'noel.langat@mohiafrica.org', 'santana.macharia@mohiafrica.org']
UTF-8 safe, compressed & encrypted database backup emailed successfully.
Email sent successfully to ['itinventory@mohiafrica.org', 'noel.langat@mohiafrica.org', 'santana.macharia@mohiafrica.org']
UTF-8 safe, compressed & encrypted database backup emailed successfully.
Email sent successfully to ['itinventory@mohiafrica.org', 'noel.langat@mohiafrica.org', 'santana.macharia@mohiafrica.org']
UTF-8 safe, compressed & encrypted database backup emailed successfully.
Email sent successfully to ['itinventory@mohiafrica.org', 'noel.langat@mohiafrica.org', 'santana.macharia@mohiafrica.org']
UTF-8 safe, compressed & encrypted database backup emailed successfully.
Email sent successfully to ['itinventory@mohiafrica.org', 'noel.langat@mohiafrica.org', 'santana.macharia@mohiafrica.org']
UTF-8 safe, compressed & encrypted database backup emailed successfully.
Email sent successfully to ['itinventory@mohiafrica.org', 'noel.langat@mohiafrica.org', 'santana.macharia@mohiafrica.org']
UTF-8 safe, compressed & encrypted database backup emailed successfully.
Email sent successfully to ['itinventory@mohiafrica.org', 'noel.langat@mohiafrica.org', 'santana.macharia@mohiafrica.org']
UTF-8 safe, compressed & encrypted database backup emailed successfully.
Email sent successfully to ['itinventory@mohiafrica.org', 'noel.langat@mohiafrica.org', 'santana.macharia@mohiafrica.org']
UTF-8 safe, compressed & encrypted database backup emailed successfully.
Email sent successfully to ['itinventory@mohiafrica.org', 'noel.langat@mohiafrica.org', 'santana.macharia@mohiafrica.org']
UTF-8 safe, compressed & encrypted database backup emailed successfully.
Email sent successfully to ['itinventory@mohiafrica.org', 'noel.langat@mohiafrica.org', 'santana.macharia@mohiafrica.org']
UTF-8 safe, compressed & encrypted database backup emailed successfully.
Email sent successfully to ['itinventory@mohiafrica.org', 'noel.langat@mohiafrica.org', 'santana.macharia@mohiafrica.org']
UTF-8 safe, compressed & encrypted database backup emailed successfully.
Email sent successfully to ['itinventory@mohiafrica.org', 'noel.langat@mohiafrica.org', 'santana.macharia@mohiafrica.org']
UTF-8 safe, compressed & encrypted database backup emailed successfully.
Email sent successfully to ['itinventory@mohiafrica.org', 'noel.langat@mohiafrica.org', 'santana.macharia@mohiafrica.org']
UTF-8 safe, compressed & encrypted database backup emailed successfully.
Email sent successfully to ['itinventory@mohiafrica.org', 'noel.langat@mohiafrica.org', 'santana.macharia@mohiafrica.org']
UTF-8 safe, compressed & encrypted database backup emailed successfully.
Email sent successfully to ['itinventory@mohiafrica.org', 'noel.langat@mohiafrica.org', 'santana.macharia@mohiafrica.org']
UTF-8 safe, compressed & encrypted database backup emailed successfully.
Email sent successfully to ['itinventory@mohiafrica.org', 'noel.langat@mohiafrica.org', 'santana.macharia@mohiafrica.org']
UTF-8 safe, compressed & encrypted database backup emailed successfully.
Email sent successfully to ['itinventory@mohiafrica.org', 'noel.langat@mohiafrica.org', 'santana.macharia@mohiafrica.org']
UTF-8 safe, compressed & encrypted database backup emailed successfully.
Email sent successfully to ['itinventory@mohiafrica.org', 'noel.langat@mohiafrica.org', 'santana.macharia@mohiafrica.org']
UTF-8 safe, compressed & encrypted database backup emailed successfully.
Email sent successfully to ['itinventory@mohiafrica.org', 'noel.langat@mohiafrica.org', 'santana.macharia@mohiafrica.org']
UTF-8 safe, compressed & encrypted database backup emailed successfully.
Email sent successfully to ['itinventory@mohiafrica.org', 'noel.langat@mohiafrica.org', 'santana.macharia@mohiafrica.org']
UTF-8 safe, compressed & encrypted database backup emailed successfully.
Email sent successfully to ['itinventory@mohiafrica.org', 'noel.langat@mohiafrica.org', 'santana.macharia@mohiafrica.org']
UTF-8 safe, compressed & encrypted database backup emailed successfully.
Email sent successfully to ['itinventory@mohiafrica.org', 'noel.langat@mohiafrica.org', 'santana.macharia@mohiafrica.org']
UTF-8 safe, compressed & encrypted database backup emailed successfully.
Email sent successfully to ['itinventory@mohiafrica.org', 'noel.langat@mohiafrica.org', 'santana.macharia@mohiafrica.org']
UTF-8 safe, compressed & encrypted database backup emailed successfully.
Email sent successfully to ['itinventory@mohiafrica.org', 'noel.langat@mohiafrica.org', 'santana.macharia@mohiafrica.org']
UTF-8 safe, compressed & encrypted database backup emailed successfully.
Email sent successfully to ['itinventory@mohiafrica.org', 'noel.langat@mohiafrica.org', 'santana.macharia@mohiafrica.org']
UTF-8 safe, compressed & encrypted database backup emailed successfully.
Email sent successfully to ['itinventory@mohiafrica.org', 'noel.langat@mohiafrica.org', 'santana.macharia@mohiafrica.org']
UTF-8 safe, compressed & encrypted database backup emailed successfully.
Email sent successfully to ['itinventory@mohiafrica.org', 'noel.langat@mohiafrica.org', 'santana.macharia@mohiafrica.org']
UTF-8 safe, compressed & encrypted database backup emailed successfully.
Email sent successfully to ['itinventory@mohiafrica.org', 'noel.langat@mohiafrica.org', 'santana.macharia@mohiafrica.org']
UTF-8 safe, compressed & encrypted database backup emailed successfully.
Email sent successfully to ['itinventory@mohiafrica.org', 'noel.langat@mohiafrica.org', 'santana.macharia@mohiafrica.org']
UTF-8 safe, compressed & encrypted database backup emailed successfully.
Email sent successfully to ['itinventory@mohiafrica.org', 'noel.langat@mohiafrica.org', 'santana.macharia@mohiafrica.org']
UTF-8 safe, compressed & encrypted database backup emailed successfully.
Email sent successfully to ['itinventory@mohiafrica.org', 'noel.langat@mohiafrica.org', 'santana.macharia@mohiafrica.org']
UTF-8 safe, compressed & encrypted database backup emailed successfully.
Email sent successfully to ['itinventory@mohiafrica.org', 'noel.langat@mohiafrica.org', 'santana.macharia@mohiafrica.org']
UTF-8 safe, compressed & encrypted database backup emailed successfully.
Email sent successfully to ['itinventory@mohiafrica.org', 'noel.langat@mohiafrica.org', 'santana.macharia@mohiafrica.org']
UTF-8 safe, compressed & encrypted database backup emailed successfully.
Email sent successfully to ['itinventory@mohiafrica.org', 'noel.langat@mohiafrica.org', 'santana.macharia@mohiafrica.org']
UTF-8 safe, compressed & encrypted database backup emailed successfully.
Email sent successfully to ['itinventory@mohiafrica.org', 'noel.langat@mohiafrica.org', 'santana.macharia@mohiafrica.org']
UTF-8 safe, compressed & encrypted database backup emailed successfully.
Email sent successfully to ['itinventory@mohiafrica.org', 'noel.langat@mohiafrica.org', 'santana.macharia@mohiafrica.org']
UTF-8 safe, compressed & encrypted database backup emailed successfully.
Email sent successfully to ['itinventory@mohiafrica.org', 'noel.langat@mohiafrica.org', 'santana.macharia@mohiafrica.org']
UTF-8 safe, compressed & encrypted database backup emailed successfully.
Email sent successfully to ['itinventory@mohiafrica.org', 'noel.langat@mohiafrica.org', 'santana.macharia@mohiafrica.org']
UTF-8 safe, compressed & encrypted database backup emailed successfully.
Email sent successfully to ['itinventory@mohiafrica.org', 'noel.langat@mohiafrica.org', 'santana.macharia@mohiafrica.org']
UTF-8 safe, compressed & encrypted database backup emailed successfully.
Error sending email to ['itinventory@mohiafrica.org', 'noel.langat@mohiafrica.org', 'santana.macharia@mohiafrica.org']: No module named 'django.core.mail.backends'
UTF-8 safe, compressed & encrypted database backup emailed successfully.
/bin/sh: line 1: /home/ufdxwals/virtualenv/inventoryhub/3.10/bin/python: No such file or directory
Traceback (most recent call last):
  File "/home/ufdxwals/inventoryhub/manage.py", line 11, in main
    from django.core.management import execute_from_command_line
ModuleNotFoundError: No module named 'django'

The above exception was the direct cause of the following exception:

Traceback (most recent call last):
  File "/home/ufdxwals/inventoryhub/manage.py", line 22, in <module>
    main()
  File "/home/ufdxwals/inventoryhub/manage.py", line 13, in main
    raise ImportError(
ImportError: Couldn't import Django. Are you sure it's installed and available on your PYTHONPATH environment variable? Did you forget to activate a virtual environment?
Traceback (most recent call last):
  File "/home/ufdxwals/virtualenv/inventoryhub/3.10/lib/python3.10/site-packages/django/core/management/__init__.py", line 255, in fetch_command
    app_name = commands[subcommand]
KeyError: 'email_db_backup'

During handling of the above exception, another exception occurred:

Traceback (most recent call last):
  File "/home/ufdxwals/inventoryhub/manage.py", line 22, in <module>
    main()
  File "/home/ufdxwals/inventoryhub/manage.py", line 18, in main
    execute_from_command_line(sys.argv)
  File "/home/ufdxwals/virtualenv/inventoryhub/3.10/lib/python3.10/site-packages/django/core/management/__init__.py", line 442, in execute_from_command_line
    utility.execute()
  File "/home/ufdxwals/virtualenv/inventoryhub/3.10/lib/python3.10/site-packages/django/core/management/__init__.py", line 436, in execute
    self.fetch_command(subcommand).run_from_argv(self.argv)
  File "/home/ufdxwals/virtualenv/inventoryhub/3.10/lib/python3.10/site-packages/django/core/management/__init__.py", line 262, in fetch_command
    settings.INSTALLED_APPS
  File "/home/ufdxwals/virtualenv/inventoryhub/3.10/lib/python3.10/site-packages/django/conf/__init__.py", line 81, in __getattr__
    self._setup(name)
  File "/home/ufdxwals/virtualenv/inventoryhub/3.10/lib/python3.10/site-packages/django/conf/__init__.py", line 68, in _setup
    self._wrapped = Settings(settings_module)
  File "/home/ufdxwals/virtualenv/inventoryhub/3.10/lib/python3.10/site-packages/django/conf/__init__.py", line 166, in __init__
    mod = importlib.import_module(self.SETTINGS_MODULE)
  File "/opt/alt/python310/lib64/python3.10/importlib/__init__.py", line 126, in import_module
    return _bootstrap._gcd_import(name[level:], package, level)
  File "<frozen importlib._bootstrap>", line 1050, in _gcd_import
  File "<frozen importlib._bootstrap>", line 1027, in _find_and_load
  File "<frozen importlib._bootstrap>", line 1006, in _find_and_load_unlocked
  File "<frozen importlib._bootstrap>", line 688, in _load_unlocked
  File "<frozen importlib._bootstrap_external>", line 883, in exec_module
  File "<frozen importlib._bootstrap>", line 241, in _call_with_frames_removed
  File "/home/ufdxwals/inventoryhub/itinventory/settings.py", line 15, in <module>
    from dotenv import load_dotenv
ModuleNotFoundError: No module named 'dotenv'
Email sent successfully to ['itinventory@mohiafrica.org', 'noel.langat@mohiafrica.org', 'santana.macharia@mohiafrica.org']
UTF-8 safe, compressed & encrypted database backup emailed successfully.
Email sent successfully to ['itinventory@mohiafrica.org', 'noel.langat@mohiafrica.org', 'santana.macharia@mohiafrica.org']
UTF-8 safe, compressed & encrypted database backup emailed successfully.
Email sent successfully to ['itinventory@mohiafrica.org', 'noel.langat@mohiafrica.org', 'santana.macharia@mohiafrica.org']
UTF-8 safe, compressed & encrypted database backup emailed successfully.
Email sent successfully to ['itinventory@mohiafrica.org', 'noel.langat@mohiafrica.org', 'santana.macharia@mohiafrica.org']
UTF-8 safe, compressed & encrypted database backup emailed successfully.
Email sent successfully to ['itinventory@mohiafrica.org', 'noel.langat@mohiafrica.org', 'santana.macharia@mohiafrica.org']
UTF-8 safe, compressed & encrypted database backup emailed successfully.
Email sent successfully to ['itinventory@mohiafrica.org', 'noel.langat@mohiafrica.org', 'santana.macharia@mohiafrica.org']
UTF-8 safe, compressed & encrypted database backup emailed successfully.
Email sent successfully to ['itinventory@mohiafrica.org', 'noel.langat@mohiafrica.org', 'santana.macharia@mohiafrica.org']
UTF-8 safe, compressed & encrypted database backup emailed successfully.
Email sent successfully to ['itinventory@mohiafrica.org', 'noel.langat@mohiafrica.org', 'santana.macharia@mohiafrica.org']
UTF-8 safe, compressed & encrypted database backup emailed successfully.
Email sent successfully to ['itinventory@mohiafrica.org', 'noel.langat@mohiafrica.org', 'santana.macharia@mohiafrica.org']
UTF-8 safe, compressed & encrypted database backup emailed successfully.
Email sent successfully to ['itinventory@mohiafrica.org', 'noel.langat@mohiafrica.org', 'santana.macharia@mohiafrica.org']
UTF-8 safe, compressed & encrypted database backup emailed successfully.
Email sent successfully to ['itinventory@mohiafrica.org', 'noel.langat@mohiafrica.org', 'santana.macharia@mohiafrica.org']
UTF-8 safe, compressed & encrypted database backup emailed successfully.
Email sent successfully to ['itinventory@mohiafrica.org', 'noel.langat@mohiafrica.org', 'santana.macharia@mohiafrica.org']
UTF-8 safe, compressed & encrypted database backup emailed successfully.
Email sent successfully to ['itinventory@mohiafrica.org', 'noel.langat@mohiafrica.org', 'santana.macharia@mohiafrica.org']
UTF-8 safe, compressed & encrypted database backup emailed successfully.
Email sent successfully to ['itinventory@mohiafrica.org', 'noel.langat@mohiafrica.org', 'santana.macharia@mohiafrica.org']
UTF-8 safe, compressed & encrypted database backup emailed successfully.
Email sent successfully to ['itinventory@mohiafrica.org', 'noel.langat@mohiafrica.org', 'santana.macharia@mohiafrica.org']
UTF-8 safe, compressed & encrypted database backup emailed successfully.
Email sent successfully to ['itinventory@mohiafrica.org', 'noel.langat@mohiafrica.org', 'santana.macharia@mohiafrica.org']
UTF-8 safe, compressed & encrypted database backup emailed successfully.
Email sent successfully to ['itinventory@mohiafrica.org', 'noel.langat@mohiafrica.org', 'santana.macharia@mohiafrica.org']
UTF-8 safe, compressed & encrypted database backup emailed successfully.
Email sent successfully to ['itinventory@mohiafrica.org', 'noel.langat@mohiafrica.org', 'santana.macharia@mohiafrica.org']
UTF-8 safe, compressed & encrypted database backup emailed successfully.
Email sent successfully to ['itinventory@mohiafrica.org', 'noel.langat@mohiafrica.org', 'santana.macharia@mohiafrica.org']
UTF-8 safe, compressed & encrypted database backup emailed successfully.
Email sent successfully to ['itinventory@mohiafrica.org', 'noel.langat@mohiafrica.org', 'santana.macharia@mohiafrica.org']
UTF-8 safe, compressed & encrypted database backup emailed successfully.
Email sent successfully to ['itinventory@mohiafrica.org', 'noel.langat@mohiafrica.org', 'santana.macharia@mohiafrica.org']
UTF-8 safe, compressed & encrypted database backup emailed successfully.
Email sent successfully to ['itinventory@mohiafrica.org', 'noel.langat@mohiafrica.org', 'santana.macharia@mohiafrica.org']
UTF-8 safe, compressed & encrypted database backup emailed successfully.
Email sent successfully to ['itinventory@mohiafrica.org', 'noel.langat@mohiafrica.org', 'santana.macharia@mohiafrica.org']
UTF-8 safe, compressed & encrypted database backup emailed successfully.
Email sent successfully to ['itinventory@mohiafrica.org', 'noel.langat@mohiafrica.org', 'santana.macharia@mohiafrica.org']
UTF-8 safe, compressed & encrypted database backup emailed successfully.
Email sent successfully to ['itinventory@mohiafrica.org', 'noel.langat@mohiafrica.org', 'santana.macharia@mohiafrica.org']
UTF-8 safe, compressed & encrypted database backup emailed successfully.
Email sent successfully to ['itinventory@mohiafrica.org', 'noel.langat@mohiafrica.org', 'santana.macharia@mohiafrica.org']
UTF-8 safe, compressed & encrypted database backup emailed successfully.
Email sent successfully to ['itinventory@mohiafrica.org', 'noel.langat@mohiafrica.org', 'santana.macharia@mohiafrica.org']
UTF-8 safe, compressed & encrypted database backup emailed successfully.
Email sent successfully to ['itinventory@mohiafrica.org', 'noel.langat@mohiafrica.org', 'santana.macharia@mohiafrica.org']
UTF-8 safe, compressed & encrypted database backup emailed successfully.
Email sent successfully to ['itinventory@mohiafrica.org', 'noel.langat@mohiafrica.org', 'santana.macharia@mohiafrica.org']
UTF-8 safe, compressed & encrypted database backup emailed successfully.
Email sent successfully to ['itinventory@mohiafrica.org', 'noel.langat@mohiafrica.org', 'santana.macharia@mohiafrica.org']
UTF-8 safe, compressed & encrypted database backup emailed successfully.
Email sent successfully to ['itinventory@mohiafrica.org', 'noel.langat@mohiafrica.org', 'santana.macharia@mohiafrica.org']
UTF-8 safe, compressed & encrypted database backup emailed successfully.
Email sent successfully to ['itinventory@mohiafrica.org', 'noel.langat@mohiafrica.org', 'santana.macharia@mohiafrica.org']
UTF-8 safe, compressed & encrypted database backup emailed successfully.
Email sent successfully to ['itinventory@mohiafrica.org', 'noel.langat@mohiafrica.org', 'santana.macharia@mohiafrica.org']
UTF-8 safe, compressed & encrypted database backup emailed successfully.
Email sent successfully to ['itinventory@mohiafrica.org', 'noel.langat@mohiafrica.org', 'santana.macharia@mohiafrica.org']
UTF-8 safe, compressed & encrypted database backup emailed successfully.
Email sent successfully to ['itinventory@mohiafrica.org', 'noel.langat@mohiafrica.org', 'santana.macharia@mohiafrica.org']
UTF-8 safe, compressed & encrypted database backup emailed successfully.
Email sent successfully to ['itinventory@mohiafrica.org', 'noel.langat@mohiafrica.org', 'santana.macharia@mohiafrica.org']
UTF-8 safe, compressed & encrypted database backup emailed successfully.
Email sent successfully to ['itinventory@mohiafrica.org', 'noel.langat@mohiafrica.org', 'santana.macharia@mohiafrica.org']
UTF-8 safe, compressed & encrypted database backup emailed successfully.
Email sent successfully to ['itinventory@mohiafrica.org', 'noel.langat@mohiafrica.org', 'santana.macharia@mohiafrica.org']
UTF-8 safe, compressed & encrypted database backup emailed successfully.
Email sent successfully to ['itinventory@mohiafrica.org', 'noel.langat@mohiafrica.org', 'santana.macharia@mohiafrica.org']
UTF-8 safe, compressed & encrypted database backup emailed successfully.
Email sent successfully to ['itinventory@mohiafrica.org', 'noel.langat@mohiafrica.org', 'santana.macharia@mohiafrica.org']
UTF-8 safe, compressed & encrypted database backup emailed successfully.
Email sent successfully to ['itinventory@mohiafrica.org', 'noel.langat@mohiafrica.org', 'santana.macharia@mohiafrica.org']
UTF-8 safe, compressed & encrypted database backup emailed successfully.
Email sent successfully to ['itinventory@mohiafrica.org', 'noel.langat@mohiafrica.org', 'santana.macharia@mohiafrica.org']
UTF-8 safe, compressed & encrypted database backup emailed successfully.
Email sent successfully to ['itinventory@mohiafrica.org', 'noel.langat@mohiafrica.org', 'santana.macharia@mohiafrica.org']
UTF-8 safe, compressed & encrypted database backup emailed successfully.
Email sent successfully to ['itinventory@mohiafrica.org', 'noel.langat@mohiafrica.org', 'santana.macharia@mohiafrica.org']
UTF-8 safe, compressed & encrypted database backup emailed successfully.
Email sent successfully to ['itinventory@mohiafrica.org', 'noel.langat@mohiafrica.org', 'santana.macharia@mohiafrica.org']
UTF-8 safe, compressed & encrypted database backup emailed successfully.
Email sent successfully to ['itinventory@mohiafrica.org', 'noel.langat@mohiafrica.org', 'santana.macharia@mohiafrica.org']
UTF-8 safe, compressed & encrypted database backup emailed successfully.
Email sent successfully to ['itinventory@mohiafrica.org', 'noel.langat@mohiafrica.org', 'santana.macharia@mohiafrica.org']
UTF-8 safe, compressed & encrypted database backup emailed successfully.
Email sent successfully to ['itinventory@mohiafrica.org', 'noel.langat@mohiafrica.org', 'santana.macharia@mohiafrica.org']
UTF-8 safe, compressed & encrypted database backup emailed successfully.
Email sent successfully to ['itinventory@mohiafrica.org', 'noel.langat@mohiafrica.org', 'santana.macharia@mohiafrica.org']
UTF-8 safe, compressed & encrypted database backup emailed successfully.
Email sent successfully to ['itinventory@mohiafrica.org', 'noel.langat@mohiafrica.org', 'santana.macharia@mohiafrica.org']
UTF-8 safe, compressed & encrypted database backup emailed successfully.
Email sent successfully to ['itinventory@mohiafrica.org', 'noel.langat@mohiafrica.org', 'santana.macharia@mohiafrica.org']
UTF-8 safe, compressed & encrypted database backup emailed successfully.
Email sent successfully to ['itinventory@mohiafrica.org', 'noel.langat@mohiafrica.org', 'santana.macharia@mohiafrica.org']
UTF-8 safe, compressed & encrypted database backup emailed successfully.
Email sent successfully to ['itinventory@mohiafrica.org', 'noel.langat@mohiafrica.org', 'santana.macharia@mohiafrica.org']
UTF-8 safe, compressed & encrypted database backup emailed successfully.
Email sent successfully to ['itinventory@mohiafrica.org', 'noel.langat@mohiafrica.org', 'santana.macharia@mohiafrica.org']
UTF-8 safe, compressed & encrypted database backup emailed successfully.
Email sent successfully to ['itinventory@mohiafrica.org', 'noel.langat@mohiafrica.org', 'santana.macharia@mohiafrica.org']
UTF-8 safe, compressed & encrypted database backup emailed successfully.
Email sent successfully to ['itinventory@mohiafrica.org', 'noel.langat@mohiafrica.org', 'santana.macharia@mohiafrica.org']
UTF-8 safe, compressed & encrypted database backup emailed successfully.
Email sent successfully to ['itinventory@mohiafrica.org', 'noel.langat@mohiafrica.org', 'santana.macharia@mohiafrica.org']
UTF-8 safe, compressed & encrypted database backup emailed successfully.
Email sent successfully to ['itinventory@mohiafrica.org', 'noel.langat@mohiafrica.org', 'santana.macharia@mohiafrica.org']
UTF-8 safe, compressed & encrypted database backup emailed successfully.
Email sent successfully to ['itinventory@mohiafrica.org', 'noel.langat@mohiafrica.org', 'santana.macharia@mohiafrica.org']
UTF-8 safe, compressed & encrypted database backup emailed successfully.
Email sent successfully to ['itinventory@mohiafrica.org', 'noel.langat@mohiafrica.org', 'santana.macharia@mohiafrica.org']
UTF-8 safe, compressed & encrypted database backup emailed successfully.
Email sent successfully to ['itinventory@mohiafrica.org', 'noel.langat@mohiafrica.org', 'santana.macharia@mohiafrica.org']
UTF-8 safe, compressed & encrypted database backup emailed successfully.
Email sent successfully to ['itinventory@mohiafrica.org', 'noel.langat@mohiafrica.org', 'santana.macharia@mohiafrica.org']
UTF-8 safe, compressed & encrypted database backup emailed successfully.
Email sent successfully to ['itinventory@mohiafrica.org', 'noel.langat@mohiafrica.org', 'santana.macharia@mohiafrica.org']
UTF-8 safe, compressed & encrypted database backup emailed successfully.
Email sent successfully to ['itinventory@mohiafrica.org', 'noel.langat@mohiafrica.org', 'santana.macharia@mohiafrica.org']
UTF-8 safe, compressed & encrypted database backup emailed successfully.
Email sent successfully to ['itinventory@mohiafrica.org', 'noel.langat@mohiafrica.org', 'santana.macharia@mohiafrica.org']
UTF-8 safe, compressed & encrypted database backup emailed successfully.
Email sent successfully to ['itinventory@mohiafrica.org', 'noel.langat@mohiafrica.org', 'santana.macharia@mohiafrica.org']
UTF-8 safe, compressed & encrypted database backup emailed successfully.
Email sent successfully to ['itinventory@mohiafrica.org', 'noel.langat@mohiafrica.org', 'santana.macharia@mohiafrica.org']
UTF-8 safe, compressed & encrypted database backup emailed successfully.
Email sent successfully to ['itinventory@mohiafrica.org', 'noel.langat@mohiafrica.org', 'santana.macharia@mohiafrica.org']
UTF-8 safe, compressed & encrypted database backup emailed successfully.
Email sent successfully to ['itinventory@mohiafrica.org', 'noel.langat@mohiafrica.org', 'santana.macharia@mohiafrica.org']
UTF-8 safe, compressed & encrypted database backup emailed successfully.
Email sent successfully to ['itinventory@mohiafrica.org', 'noel.langat@mohiafrica.org', 'santana.macharia@mohiafrica.org']
UTF-8 safe, compressed & encrypted database backup emailed successfully.
Email sent successfully to ['itinventory@mohiafrica.org', 'noel.langat@mohiafrica.org', 'santana.macharia@mohiafrica.org']
UTF-8 safe, compressed & encrypted database backup emailed successfully.
Email sent successfully to ['itinventory@mohiafrica.org', 'noel.langat@mohiafrica.org', 'santana.macharia@mohiafrica.org']
UTF-8 safe, compressed & encrypted database backup emailed successfully.
Email sent successfully to ['itinventory@mohiafrica.org', 'noel.langat@mohiafrica.org', 'santana.macharia@mohiafrica.org']
UTF-8 safe, compressed & encrypted database backup emailed successfully.
Email sent successfully to ['itinventory@mohiafrica.org', 'noel.langat@mohiafrica.org', 'santana.macharia@mohiafrica.org']
UTF-8 safe, compressed & encrypted database backup emailed successfully.
Email sent successfully to ['itinventory@mohiafrica.org', 'noel.langat@mohiafrica.org', 'santana.macharia@mohiafrica.org']
UTF-8 safe, compressed & encrypted database backup emailed successfully.
Email sent successfully to ['itinventory@mohiafrica.org', 'noel.langat@mohiafrica.org', 'santana.macharia@mohiafrica.org']
UTF-8 safe, compressed & encrypted database backup emailed successfully.
Email sent successfully to ['itinventory@mohiafrica.org', 'noel.langat@mohiafrica.org', 'santana.macharia@mohiafrica.org']
UTF-8 safe, compressed & encrypted database backup emailed successfully.
Email sent successfully to ['itinventory@mohiafrica.org', 'noel.langat@mohiafrica.org', 'santana.macharia@mohiafrica.org']
UTF-8 safe, compressed & encrypted database backup emailed successfully.
Email sent successfully to ['itinventory@mohiafrica.org', 'noel.langat@mohiafrica.org', 'santana.macharia@mohiafrica.org']
UTF-8 safe, compressed & encrypted database backup emailed successfully.
Email sent successfully to ['itinventory@mohiafrica.org', 'noel.langat@mohiafrica.org', 'santana.macharia@mohiafrica.org']
UTF-8 safe, compressed & encrypted database backup emailed successfully.
Email sent successfully to ['itinventory@mohiafrica.org', 'noel.langat@mohiafrica.org', 'santana.macharia@mohiafrica.org']
UTF-8 safe, compressed & encrypted database backup emailed successfully.
Email sent successfully to ['itinventory@mohiafrica.org', 'noel.langat@mohiafrica.org', 'santana.macharia@mohiafrica.org']
UTF-8 safe, compressed & encrypted database backup emailed successfully.
Email sent successfully to ['itinventory@mohiafrica.org', 'noel.langat@mohiafrica.org', 'santana.macharia@mohiafrica.org']
UTF-8 safe, compressed & encrypted database backup emailed successfully.
Email sent successfully to ['itinventory@mohiafrica.org', 'noel.langat@mohiafrica.org', 'santana.macharia@mohiafrica.org']
UTF-8 safe, compressed & encrypted database backup emailed successfully.
Email sent successfully to ['itinventory@mohiafrica.org', 'noel.langat@mohiafrica.org', 'santana.macharia@mohiafrica.org']
UTF-8 safe, compressed & encrypted database backup emailed successfully.
Email sent successfully to ['itinventory@mohiafrica.org', 'noel.langat@mohiafrica.org', 'santana.macharia@mohiafrica.org']
UTF-8 safe, compressed & encrypted database backup emailed successfully.
Email sent successfully to ['itinventory@mohiafrica.org', 'noel.langat@mohiafrica.org', 'santana.macharia@mohiafrica.org']
UTF-8 safe, compressed & encrypted database backup emailed successfully.
Email sent successfully to ['itinventory@mohiafrica.org', 'noel.langat@mohiafrica.org', 'santana.macharia@mohiafrica.org']
UTF-8 safe, compressed & encrypted database backup emailed successfully.
Email sent successfully to ['itinventory@mohiafrica.org', 'noel.langat@mohiafrica.org', 'santana.macharia@mohiafrica.org']
UTF-8 safe, compressed & encrypted database backup emailed successfully.
Email sent successfully to ['itinventory@mohiafrica.org', 'noel.langat@mohiafrica.org', 'santana.macharia@mohiafrica.org']
UTF-8 safe, compressed & encrypted database backup emailed successfully.
Email sent successfully to ['itinventory@mohiafrica.org', 'noel.langat@mohiafrica.org', 'santana.macharia@mohiafrica.org']
UTF-8 safe, compressed & encrypted database backup emailed successfully.
Email sent successfully to ['itinventory@mohiafrica.org', 'noel.langat@mohiafrica.org', 'santana.macharia@mohiafrica.org']
UTF-8 safe, compressed & encrypted database backup emailed successfully.
Email sent successfully to ['itinventory@mohiafrica.org', 'noel.langat@mohiafrica.org', 'santana.macharia@mohiafrica.org']
UTF-8 safe, compressed & encrypted database backup emailed successfully.
Email sent successfully to ['itinventory@mohiafrica.org', 'noel.langat@mohiafrica.org', 'santana.macharia@mohiafrica.org']
UTF-8 safe, compressed & encrypted database backup emailed successfully.
Email sent successfully to ['itinventory@mohiafrica.org', 'noel.langat@mohiafrica.org', 'santana.macharia@mohiafrica.org']
UTF-8 safe, compressed & encrypted database backup emailed successfully.
Email sent successfully to ['itinventory@mohiafrica.org', 'noel.langat@mohiafrica.org', 'santana.macharia@mohiafrica.org']
UTF-8 safe, compressed & encrypted database backup emailed successfully.
Email sent successfully to ['itinventory@mohiafrica.org', 'noel.langat@mohiafrica.org', 'santana.macharia@mohiafrica.org']
UTF-8 safe, compressed & encrypted database backup emailed successfully.
Email sent successfully to ['itinventory@mohiafrica.org', 'noel.langat@mohiafrica.org', 'santana.macharia@mohiafrica.org']
UTF-8 safe, compressed & encrypted database backup emailed successfully.
Email sent successfully to ['itinventory@mohiafrica.org', 'noel.langat@mohiafrica.org', 'santana.macharia@mohiafrica.org']
UTF-8 safe, compressed & encrypted database backup emailed successfully.
Email sent successfully to ['itinventory@mohiafrica.org', 'noel.langat@mohiafrica.org', 'santana.macharia@mohiafrica.org']
UTF-8 safe, compressed & encrypted database backup emailed successfully.
Email sent successfully to ['itinventory@mohiafrica.org', 'noel.langat@mohiafrica.org', 'santana.macharia@mohiafrica.org']
UTF-8 safe, compressed & encrypted database backup emailed successfully.
Email sent successfully to ['itinventory@mohiafrica.org', 'noel.langat@mohiafrica.org', 'santana.macharia@mohiafrica.org']
UTF-8 safe, compressed & encrypted database backup emailed successfully.
Email sent successfully to ['itinventory@mohiafrica.org', 'noel.langat@mohiafrica.org', 'santana.macharia@mohiafrica.org']
UTF-8 safe, compressed & encrypted database backup emailed successfully.
Email sent successfully to ['itinventory@mohiafrica.org', 'noel.langat@mohiafrica.org', 'santana.macharia@mohiafrica.org']
UTF-8 safe, compressed & encrypted database backup emailed successfully.
Email sent successfully to ['itinventory@mohiafrica.org', 'noel.langat@mohiafrica.org', 'santana.macharia@mohiafrica.org']
UTF-8 safe, compressed & encrypted database backup emailed successfully.
Email sent successfully to ['itinventory@mohiafrica.org', 'noel.langat@mohiafrica.org', 'santana.macharia@mohiafrica.org']
UTF-8 safe, compressed & encrypted database backup emailed successfully.
Email sent successfully to ['itinventory@mohiafrica.org', 'noel.langat@mohiafrica.org', 'santana.macharia@mohiafrica.org']
UTF-8 safe, compressed & encrypted database backup emailed successfully.
Email sent successfully to ['itinventory@mohiafrica.org', 'noel.langat@mohiafrica.org', 'santana.macharia@mohiafrica.org']
UTF-8 safe, compressed & encrypted database backup emailed successfully.
Email sent successfully to ['itinventory@mohiafrica.org', 'noel.langat@mohiafrica.org', 'santana.macharia@mohiafrica.org']
UTF-8 safe, compressed & encrypted database backup emailed successfully.
Email sent successfully to ['itinventory@mohiafrica.org', 'noel.langat@mohiafrica.org', 'santana.macharia@mohiafrica.org']
UTF-8 safe, compressed & encrypted database backup emailed successfully.
Email sent successfully to ['itinventory@mohiafrica.org', 'noel.langat@mohiafrica.org', 'santana.macharia@mohiafrica.org']
UTF-8 safe, compressed & encrypted database backup emailed successfully.
Email sent successfully to ['itinventory@mohiafrica.org', 'noel.langat@mohiafrica.org', 'santana.macharia@mohiafrica.org']
UTF-8 safe, compressed & encrypted database backup emailed successfully.
Email sent successfully to ['itinventory@mohiafrica.org', 'noel.langat@mohiafrica.org', 'santana.macharia@mohiafrica.org']
UTF-8 safe, compressed & encrypted database backup emailed successfully.
Email sent successfully to ['itinventory@mohiafrica.org', 'noel.langat@mohiafrica.org', 'santana.macharia@mohiafrica.org']
UTF-8 safe, compressed & encrypted database backup emailed successfully.
Email sent successfully to ['itinventory@mohiafrica.org', 'noel.langat@mohiafrica.org', 'santana.macharia@mohiafrica.org']
UTF-8 safe, compressed & encrypted database backup emailed successfully.
Email sent successfully to ['itinventory@mohiafrica.org', 'noel.langat@mohiafrica.org', 'santana.macharia@mohiafrica.org']
UTF-8 safe, compressed & encrypted database backup emailed successfully.
Email sent successfully to ['itinventory@mohiafrica.org', 'noel.langat@mohiafrica.org', 'santana.macharia@mohiafrica.org']
UTF-8 safe, compressed & encrypted database backup emailed successfully.
Email sent successfully to ['itinventory@mohiafrica.org', 'noel.langat@mohiafrica.org', 'santana.macharia@mohiafrica.org']
UTF-8 safe, compressed & encrypted database backup emailed successfully.
Email sent successfully to ['itinventory@mohiafrica.org', 'noel.langat@mohiafrica.org', 'santana.macharia@mohiafrica.org']
UTF-8 safe, compressed & encrypted database backup emailed successfully.
Email sent successfully to ['itinventory@mohiafrica.org', 'noel.langat@mohiafrica.org', 'santana.macharia@mohiafrica.org']
UTF-8 safe, compressed & encrypted database backup emailed successfully.
Email sent successfully to ['itinventory@mohiafrica.org', 'noel.langat@mohiafrica.org', 'santana.macharia@mohiafrica.org']
UTF-8 safe, compressed & encrypted database backup emailed successfully.
Email sent successfully to ['itinventory@mohiafrica.org', 'noel.langat@mohiafrica.org', 'santana.macharia@mohiafrica.org']
UTF-8 safe, compressed & encrypted database backup emailed successfully.
Email sent successfully to ['itinventory@mohiafrica.org', 'noel.langat@mohiafrica.org', 'santana.macharia@mohiafrica.org']
UTF-8 safe, compressed & encrypted database backup emailed successfully.
Email sent successfully to ['itinventory@mohiafrica.org', 'noel.langat@mohiafrica.org', 'santana.macharia@mohiafrica.org']
UTF-8 safe, compressed & encrypted database backup emailed successfully.
Email sent successfully to ['itinventory@mohiafrica.org', 'noel.langat@mohiafrica.org', 'santana.macharia@mohiafrica.org']
UTF-8 safe, compressed & encrypted database backup emailed successfully.
Email sent successfully to ['itinventory@mohiafrica.org', 'noel.langat@mohiafrica.org', 'santana.macharia@mohiafrica.org']
UTF-8 safe, compressed & encrypted database backup emailed successfully.
Email sent successfully to ['itinventory@mohiafrica.org', 'noel.langat@mohiafrica.org', 'santana.macharia@mohiafrica.org']
UTF-8 safe, compressed & encrypted database backup emailed successfully.
Email sent successfully to ['itinventory@mohiafrica.org', 'noel.langat@mohiafrica.org', 'santana.macharia@mohiafrica.org']
UTF-8 safe, compressed & encrypted database backup emailed successfully.
Email sent successfully to ['itinventory@mohiafrica.org', 'noel.langat@mohiafrica.org', 'santana.macharia@mohiafrica.org']
UTF-8 safe, compressed & encrypted database backup emailed successfully.
Email sent successfully to ['itinventory@mohiafrica.org', 'noel.langat@mohiafrica.org', 'santana.macharia@mohiafrica.org']
UTF-8 safe, compressed & encrypted database backup emailed successfully.
Email sent successfully to ['itinventory@mohiafrica.org', 'noel.langat@mohiafrica.org', 'santana.macharia@mohiafrica.org']
UTF-8 safe, compressed & encrypted database backup emailed successfully.
Email sent successfully to ['itinventory@mohiafrica.org', 'noel.langat@mohiafrica.org', 'santana.macharia@mohiafrica.org']
UTF-8 safe, compressed & encrypted database backup emailed successfully.
Email sent successfully to ['itinventory@mohiafrica.org', 'noel.langat@mohiafrica.org', 'santana.macharia@mohiafrica.org']
UTF-8 safe, compressed & encrypted database backup emailed successfully.
Email sent successfully to ['itinventory@mohiafrica.org', 'noel.langat@mohiafrica.org', 'santana.macharia@mohiafrica.org']
UTF-8 safe, compressed & encrypted database backup emailed successfully.
Email sent successfully to ['itinventory@mohiafrica.org', 'noel.langat@mohiafrica.org', 'santana.macharia@mohiafrica.org']
UTF-8 safe, compressed & encrypted database backup emailed successfully.
Email sent successfully to ['itinventory@mohiafrica.org', 'noel.langat@mohiafrica.org', 'santana.macharia@mohiafrica.org']
UTF-8 safe, compressed & encrypted database backup emailed successfully.
Email sent successfully to ['itinventory@mohiafrica.org', 'noel.langat@mohiafrica.org', 'santana.macharia@mohiafrica.org']
UTF-8 safe, compressed & encrypted database backup emailed successfully.
Email sent successfully to ['itinventory@mohiafrica.org', 'noel.langat@mohiafrica.org', 'santana.macharia@mohiafrica.org']
UTF-8 safe, compressed & encrypted database backup emailed successfully.
Email sent successfully to ['itinventory@mohiafrica.org', 'noel.langat@mohiafrica.org', 'santana.macharia@mohiafrica.org']
UTF-8 safe, compressed & encrypted database backup emailed successfully.
Email sent successfully to ['itinventory@mohiafrica.org', 'noel.langat@mohiafrica.org', 'santana.macharia@mohiafrica.org']
UTF-8 safe, compressed & encrypted database backup emailed successfully.
Email sent successfully to ['itinventory@mohiafrica.org', 'noel.langat@mohiafrica.org', 'santana.macharia@mohiafrica.org']
UTF-8 safe, compressed & encrypted database backup emailed successfully.
Email sent successfully to ['itinventory@mohiafrica.org', 'noel.langat@mohiafrica.org', 'santana.macharia@mohiafrica.org']
UTF-8 safe, compressed & encrypted database backup emailed successfully.
Email sent successfully to ['itinventory@mohiafrica.org', 'noel.langat@mohiafrica.org', 'santana.macharia@mohiafrica.org']
UTF-8 safe, compressed & encrypted database backup emailed successfully.
Email sent successfully to ['itinventory@mohiafrica.org', 'noel.langat@mohiafrica.org', 'santana.macharia@mohiafrica.org']
UTF-8 safe, compressed & encrypted database backup emailed successfully.
Email sent successfully to ['itinventory@mohiafrica.org', 'noel.langat@mohiafrica.org', 'santana.macharia@mohiafrica.org']
UTF-8 safe, compressed & encrypted database backup emailed successfully.
Email sent successfully to ['itinventory@mohiafrica.org', 'noel.langat@mohiafrica.org', 'santana.macharia@mohiafrica.org']
UTF-8 safe, compressed & encrypted database backup emailed successfully.
Email sent successfully to ['itinventory@mohiafrica.org', 'noel.langat@mohiafrica.org', 'santana.macharia@mohiafrica.org']
UTF-8 safe, compressed & encrypted database backup emailed successfully.
Email sent successfully to ['itinventory@mohiafrica.org', 'noel.langat@mohiafrica.org', 'santana.macharia@mohiafrica.org']
UTF-8 safe, compressed & encrypted database backup emailed successfully.
Email sent successfully to ['itinventory@mohiafrica.org', 'noel.langat@mohiafrica.org', 'santana.macharia@mohiafrica.org']
UTF-8 safe, compressed & encrypted database backup emailed successfully.
Email sent successfully to ['itinventory@mohiafrica.org', 'noel.langat@mohiafrica.org', 'santana.macharia@mohiafrica.org']
UTF-8 safe, compressed & encrypted database backup emailed successfully.
Email sent successfully to ['itinventory@mohiafrica.org', 'noel.langat@mohiafrica.org', 'santana.macharia@mohiafrica.org']
UTF-8 safe, compressed & encrypted database backup emailed successfully.
Email sent successfully to ['itinventory@mohiafrica.org', 'noel.langat@mohiafrica.org', 'santana.macharia@mohiafrica.org']
UTF-8 safe, compressed & encrypted database backup emailed successfully.
Email sent successfully to ['itinventory@mohiafrica.org', 'noel.langat@mohiafrica.org', 'santana.macharia@mohiafrica.org']
UTF-8 safe, compressed & encrypted database backup emailed successfully.
Email sent successfully to ['itinventory@mohiafrica.org', 'noel.langat@mohiafrica.org', 'santana.macharia@mohiafrica.org']
UTF-8 safe, compressed & encrypted database backup emailed successfully.
Email sent successfully to ['itinventory@mohiafrica.org', 'noel.langat@mohiafrica.org', 'santana.macharia@mohiafrica.org']
UTF-8 safe, compressed & encrypted database backup emailed successfully.
Email sent successfully to ['itinventory@mohiafrica.org', 'noel.langat@mohiafrica.org', 'santana.macharia@mohiafrica.org']
UTF-8 safe, compressed & encrypted database backup emailed successfully.
Email sent successfully to ['itinventory@mohiafrica.org', 'noel.langat@mohiafrica.org', 'santana.macharia@mohiafrica.org']
UTF-8 safe, compressed & encrypted database backup emailed successfully.
Email sent successfully to ['itinventory@mohiafrica.org', 'noel.langat@mohiafrica.org', 'santana.macharia@mohiafrica.org']
UTF-8 safe, compressed & encrypted database backup emailed successfully.
Email sent successfully to ['itinventory@mohiafrica.org', 'noel.langat@mohiafrica.org', 'santana.macharia@mohiafrica.org']
UTF-8 safe, compressed & encrypted database backup emailed successfully.
Email sent successfully to ['itinventory@mohiafrica.org', 'noel.langat@mohiafrica.org', 'santana.macharia@mohiafrica.org']
UTF-8 safe, compressed & encrypted database backup emailed successfully.
Email sent successfully to ['itinventory@mohiafrica.org', 'noel.langat@mohiafrica.org', 'santana.macharia@mohiafrica.org']
UTF-8 safe, compressed & encrypted database backup emailed successfully.
Email sent successfully to ['itinventory@mohiafrica.org', 'noel.langat@mohiafrica.org', 'santana.macharia@mohiafrica.org']
UTF-8 safe, compressed & encrypted database backup emailed successfully.
Email sent successfully to ['itinventory@mohiafrica.org', 'noel.langat@mohiafrica.org', 'santana.macharia@mohiafrica.org']
UTF-8 safe, compressed & encrypted database backup emailed successfully.
Email sent successfully to ['itinventory@mohiafrica.org', 'noel.langat@mohiafrica.org', 'santana.macharia@mohiafrica.org']
UTF-8 safe, compressed & encrypted database backup emailed successfully.
Email sent successfully to ['itinventory@mohiafrica.org', 'noel.langat@mohiafrica.org', 'santana.macharia@mohiafrica.org']
UTF-8 safe, compressed & encrypted database backup emailed successfully.
Email sent successfully to ['itinventory@mohiafrica.org', 'noel.langat@mohiafrica.org', 'santana.macharia@mohiafrica.org']
UTF-8 safe, compressed & encrypted database backup emailed successfully.
Email sent successfully to ['itinventory@mohiafrica.org', 'noel.langat@mohiafrica.org', 'santana.macharia@mohiafrica.org']
UTF-8 safe, compressed & encrypted database backup emailed successfully.
Email sent successfully to ['itinventory@mohiafrica.org', 'noel.langat@mohiafrica.org', 'santana.macharia@mohiafrica.org']
UTF-8 safe, compressed & encrypted database backup emailed successfully.
Email sent successfully to ['itinventory@mohiafrica.org', 'noel.langat@mohiafrica.org', 'santana.macharia@mohiafrica.org']
UTF-8 safe, compressed & encrypted database backup emailed successfully.
Email sent successfully to ['itinventory@mohiafrica.org', 'noel.langat@mohiafrica.org', 'santana.macharia@mohiafrica.org']
UTF-8 safe, compressed & encrypted database backup emailed successfully.
Email sent successfully to ['itinventory@mohiafrica.org', 'noel.langat@mohiafrica.org', 'santana.macharia@mohiafrica.org']
UTF-8 safe, compressed & encrypted database backup emailed successfully.
Email sent successfully to ['itinventory@mohiafrica.org', 'noel.langat@mohiafrica.org', 'santana.macharia@mohiafrica.org']
UTF-8 safe, compressed & encrypted database backup emailed successfully.
Email sent successfully to ['itinventory@mohiafrica.org', 'noel.langat@mohiafrica.org', 'santana.macharia@mohiafrica.org']
UTF-8 safe, compressed & encrypted database backup emailed successfully.
Email sent successfully to ['itinventory@mohiafrica.org', 'noel.langat@mohiafrica.org', 'santana.macharia@mohiafrica.org']
UTF-8 safe, compressed & encrypted database backup emailed successfully.
Email sent successfully to ['itinventory@mohiafrica.org', 'noel.langat@mohiafrica.org', 'santana.macharia@mohiafrica.org']
UTF-8 safe, compressed & encrypted database backup emailed successfully.
Email sent successfully to ['itinventory@mohiafrica.org', 'noel.langat@mohiafrica.org', 'santana.macharia@mohiafrica.org']
UTF-8 safe, compressed & encrypted database backup emailed successfully.
Email sent successfully to ['itinventory@mohiafrica.org', 'noel.langat@mohiafrica.org', 'santana.macharia@mohiafrica.org']
UTF-8 safe, compressed & encrypted database backup emailed successfully.
Email sent successfully to ['itinventory@mohiafrica.org', 'noel.langat@mohiafrica.org', 'santana.macharia@mohiafrica.org']
UTF-8 safe, compressed & encrypted database backup emailed successfully.
Email sent successfully to ['itinventory@mohiafrica.org', 'noel.langat@mohiafrica.org', 'santana.macharia@mohiafrica.org']
UTF-8 safe, compressed & encrypted database backup emailed successfully.
Email sent successfully to ['itinventory@mohiafrica.org', 'noel.langat@mohiafrica.org', 'santana.macharia@mohiafrica.org']
UTF-8 safe, compressed & encrypted database backup emailed successfully.
Email sent successfully to ['itinventory@mohiafrica.org', 'noel.langat@mohiafrica.org', 'santana.macharia@mohiafrica.org']
UTF-8 safe, compressed & encrypted database backup emailed successfully.
Email sent successfully to ['itinventory@mohiafrica.org', 'noel.langat@mohiafrica.org', 'santana.macharia@mohiafrica.org']
UTF-8 safe, compressed & encrypted database backup emailed successfully.
Email sent successfully to ['itinventory@mohiafrica.org', 'noel.langat@mohiafrica.org', 'santana.macharia@mohiafrica.org']
UTF-8 safe, compressed & encrypted database backup emailed successfully.
Email sent successfully to ['itinventory@mohiafrica.org', 'noel.langat@mohiafrica.org', 'santana.macharia@mohiafrica.org']
UTF-8 safe, compressed & encrypted database backup emailed successfully.
Email sent successfully to ['itinventory@mohiafrica.org', 'noel.langat@mohiafrica.org', 'santana.macharia@mohiafrica.org']
UTF-8 safe, compressed & encrypted database backup emailed successfully.
Email sent successfully to ['itinventory@mohiafrica.org', 'noel.langat@mohiafrica.org', 'santana.macharia@mohiafrica.org']
UTF-8 safe, compressed & encrypted database backup emailed successfully.
Email sent successfully to ['itinventory@mohiafrica.org', 'noel.langat@mohiafrica.org', 'santana.macharia@mohiafrica.org']
UTF-8 safe, compressed & encrypted database backup emailed successfully.
Email sent successfully to ['itinventory@mohiafrica.org', 'noel.langat@mohiafrica.org', 'santana.macharia@mohiafrica.org']
UTF-8 safe, compressed & encrypted database backup emailed successfully.
Email sent successfully to ['itinventory@mohiafrica.org', 'noel.langat@mohiafrica.org', 'santana.macharia@mohiafrica.org']
UTF-8 safe, compressed & encrypted database backup emailed successfully.
Email sent successfully to ['itinventory@mohiafrica.org', 'noel.langat@mohiafrica.org', 'santana.macharia@mohiafrica.org']
UTF-8 safe, compressed & encrypted database backup emailed successfully.
Email sent successfully to ['itinventory@mohiafrica.org', 'noel.langat@mohiafrica.org', 'santana.macharia@mohiafrica.org']
UTF-8 safe, compressed & encrypted database backup emailed successfully.
Email sent successfully to ['itinventory@mohiafrica.org', 'noel.langat@mohiafrica.org', 'santana.macharia@mohiafrica.org']
UTF-8 safe, compressed & encrypted database backup emailed successfully.
Email sent successfully to ['itinventory@mohiafrica.org', 'noel.langat@mohiafrica.org', 'santana.macharia@mohiafrica.org']
UTF-8 safe, compressed & encrypted database backup emailed successfully.
Email sent successfully to ['itinventory@mohiafrica.org', 'noel.langat@mohiafrica.org', 'santana.macharia@mohiafrica.org']
UTF-8 safe, compressed & encrypted database backup emailed successfully.
Email sent successfully to ['itinventory@mohiafrica.org', 'noel.langat@mohiafrica.org', 'santana.macharia@mohiafrica.org']
UTF-8 safe, compressed & encrypted database backup emailed successfully.
Email sent successfully to ['itinventory@mohiafrica.org', 'noel.langat@mohiafrica.org', 'santana.macharia@mohiafrica.org']
UTF-8 safe, compressed & encrypted database backup emailed successfully.
Email sent successfully to ['itinventory@mohiafrica.org', 'noel.langat@mohiafrica.org', 'santana.macharia@mohiafrica.org']
UTF-8 safe, compressed & encrypted database backup emailed successfully.
Email sent successfully to ['itinventory@mohiafrica.org', 'noel.langat@mohiafrica.org', 'santana.macharia@mohiafrica.org']
UTF-8 safe, compressed & encrypted database backup emailed successfully.
Email sent successfully to ['itinventory@mohiafrica.org', 'noel.langat@mohiafrica.org', 'santana.macharia@mohiafrica.org']
UTF-8 safe, compressed & encrypted database backup emailed successfully.
Email sent successfully to ['itinventory@mohiafrica.org', 'noel.langat@mohiafrica.org', 'santana.macharia@mohiafrica.org']
UTF-8 safe, compressed & encrypted database backup emailed successfully.
Email sent successfully to ['itinventory@mohiafrica.org', 'noel.langat@mohiafrica.org', 'santana.macharia@mohiafrica.org']
UTF-8 safe, compressed & encrypted database backup emailed successfully.
Email sent successfully to ['itinventory@mohiafrica.org', 'noel.langat@mohiafrica.org', 'santana.macharia@mohiafrica.org']
UTF-8 safe, compressed & encrypted database backup emailed successfully.
Email sent successfully to ['itinventory@mohiafrica.org', 'noel.langat@mohiafrica.org', 'santana.macharia@mohiafrica.org']
UTF-8 safe, compressed & encrypted database backup emailed successfully.
Email sent successfully to ['itinventory@mohiafrica.org', 'noel.langat@mohiafrica.org', 'santana.macharia@mohiafrica.org']
UTF-8 safe, compressed & encrypted database backup emailed successfully.
Email sent successfully to ['itinventory@mohiafrica.org', 'noel.langat@mohiafrica.org', 'santana.macharia@mohiafrica.org']
UTF-8 safe, compressed & encrypted database backup emailed successfully.
Email sent successfully to ['itinventory@mohiafrica.org', 'noel.langat@mohiafrica.org', 'santana.macharia@mohiafrica.org']
UTF-8 safe, compressed & encrypted database backup emailed successfully.
Email sent successfully to ['itinventory@mohiafrica.org', 'noel.langat@mohiafrica.org', 'santana.macharia@mohiafrica.org']
UTF-8 safe, compressed & encrypted database backup emailed successfully.
Email sent successfully to ['itinventory@mohiafrica.org', 'noel.langat@mohiafrica.org', 'santana.macharia@mohiafrica.org']
UTF-8 safe, compressed & encrypted database backup emailed successfully.
Email sent successfully to ['itinventory@mohiafrica.org', 'noel.langat@mohiafrica.org', 'santana.macharia@mohiafrica.org']
UTF-8 safe, compressed & encrypted database backup emailed successfully.
Email sent successfully to ['itinventory@mohiafrica.org', 'noel.langat@mohiafrica.org', 'santana.macharia@mohiafrica.org']
UTF-8 safe, compressed & encrypted database backup emailed successfully.
Email sent successfully to ['itinventory@mohiafrica.org', 'noel.langat@mohiafrica.org', 'santana.macharia@mohiafrica.org']
UTF-8 safe, compressed & encrypted database backup emailed successfully.
Email sent successfully to ['itinventory@mohiafrica.org', 'noel.langat@mohiafrica.org', 'santana.macharia@mohiafrica.org']
UTF-8 safe, compressed & encrypted database backup emailed successfully.
Email sent successfully to ['itinventory@mohiafrica.org', 'noel.langat@mohiafrica.org', 'santana.macharia@mohiafrica.org']
UTF-8 safe, compressed & encrypted database backup emailed successfully.
Email sent successfully to ['itinventory@mohiafrica.org', 'noel.langat@mohiafrica.org', 'santana.macharia@mohiafrica.org']
UTF-8 safe, compressed & encrypted database backup emailed successfully.
Email sent successfully to ['itinventory@mohiafrica.org', 'noel.langat@mohiafrica.org', 'santana.macharia@mohiafrica.org']
UTF-8 safe, compressed & encrypted database backup emailed successfully.
Email sent successfully to ['itinventory@mohiafrica.org', 'noel.langat@mohiafrica.org', 'santana.macharia@mohiafrica.org']
UTF-8 safe, compressed & encrypted database backup emailed successfully.
Email sent successfully to ['itinventory@mohiafrica.org', 'noel.langat@mohiafrica.org', 'santana.macharia@mohiafrica.org']
UTF-8 safe, compressed & encrypted database backup emailed successfully.
Email sent successfully to ['itinventory@mohiafrica.org', 'noel.langat@mohiafrica.org', 'santana.macharia@mohiafrica.org']
UTF-8 safe, compressed & encrypted database backup emailed successfully.
Email sent successfully to ['itinventory@mohiafrica.org', 'noel.langat@mohiafrica.org', 'santana.macharia@mohiafrica.org']
UTF-8 safe, compressed & encrypted database backup emailed successfully.
Email sent successfully to ['itinventory@mohiafrica.org', 'noel.langat@mohiafrica.org', 'santana.macharia@mohiafrica.org']
UTF-8 safe, compressed & encrypted database backup emailed successfully.
Email sent successfully to ['itinventory@mohiafrica.org', 'noel.langat@mohiafrica.org', 'santana.macharia@mohiafrica.org']
UTF-8 safe, compressed & encrypted database backup emailed successfully.
Email sent successfully to ['itinventory@mohiafrica.org', 'noel.langat@mohiafrica.org', 'santana.macharia@mohiafrica.org']
UTF-8 safe, compressed & encrypted database backup emailed successfully.
Email sent successfully to ['itinventory@mohiafrica.org', 'noel.langat@mohiafrica.org', 'santana.macharia@mohiafrica.org']
UTF-8 safe, compressed & encrypted database backup emailed successfully.
Email sent successfully to ['itinventory@mohiafrica.org', 'noel.langat@mohiafrica.org', 'santana.macharia@mohiafrica.org']
UTF-8 safe, compressed & encrypted database backup emailed successfully.
Email sent successfully to ['itinventory@mohiafrica.org', 'noel.langat@mohiafrica.org', 'santana.macharia@mohiafrica.org']
UTF-8 safe, compressed & encrypted database backup emailed successfully.
Email sent successfully to ['itinventory@mohiafrica.org', 'noel.langat@mohiafrica.org', 'santana.macharia@mohiafrica.org']
UTF-8 safe, compressed & encrypted database backup emailed successfully.
Email sent successfully to ['itinventory@mohiafrica.org', 'noel.langat@mohiafrica.org', 'santana.macharia@mohiafrica.org']
UTF-8 safe, compressed & encrypted database backup emailed successfully.
Email sent successfully to ['itinventory@mohiafrica.org', 'noel.langat@mohiafrica.org', 'santana.macharia@mohiafrica.org']
UTF-8 safe, compressed & encrypted database backup emailed successfully.
Email sent successfully to ['itinventory@mohiafrica.org', 'noel.langat@mohiafrica.org', 'santana.macharia@mohiafrica.org']
UTF-8 safe, compressed & encrypted database backup emailed successfully.
Email sent successfully to ['itinventory@mohiafrica.org', 'noel.langat@mohiafrica.org', 'santana.macharia@mohiafrica.org']
UTF-8 safe, compressed & encrypted database backup emailed successfully.
Email sent successfully to ['itinventory@mohiafrica.org', 'noel.langat@mohiafrica.org', 'santana.macharia@mohiafrica.org']
UTF-8 safe, compressed & encrypted database backup emailed successfully.
Email sent successfully to ['itinventory@mohiafrica.org', 'noel.langat@mohiafrica.org', 'santana.macharia@mohiafrica.org']
UTF-8 safe, compressed & encrypted database backup emailed successfully.
Email sent successfully to ['itinventory@mohiafrica.org', 'noel.langat@mohiafrica.org', 'santana.macharia@mohiafrica.org']
UTF-8 safe, compressed & encrypted database backup emailed successfully.
Email sent successfully to ['itinventory@mohiafrica.org', 'noel.langat@mohiafrica.org', 'santana.macharia@mohiafrica.org']
UTF-8 safe, compressed & encrypted database backup emailed successfully.
Email sent successfully to ['itinventory@mohiafrica.org', 'noel.langat@mohiafrica.org', 'santana.macharia@mohiafrica.org']
UTF-8 safe, compressed & encrypted database backup emailed successfully.
Email sent successfully to ['itinventory@mohiafrica.org', 'noel.langat@mohiafrica.org', 'santana.macharia@mohiafrica.org']
UTF-8 safe, compressed & encrypted database backup emailed successfully.
Email sent successfully to ['itinventory@mohiafrica.org', 'noel.langat@mohiafrica.org', 'santana.macharia@mohiafrica.org']
UTF-8 safe, compressed & encrypted database backup emailed successfully.
Email sent successfully to ['itinventory@mohiafrica.org', 'noel.langat@mohiafrica.org', 'santana.macharia@mohiafrica.org']
UTF-8 safe, compressed & encrypted database backup emailed successfully.
Email sent successfully to ['itinventory@mohiafrica.org', 'noel.langat@mohiafrica.org', 'santana.macharia@mohiafrica.org']
UTF-8 safe, compressed & encrypted database backup emailed successfully.
Email sent successfully to ['itinventory@mohiafrica.org', 'noel.langat@mohiafrica.org', 'santana.macharia@mohiafrica.org']
UTF-8 safe, compressed & encrypted database backup emailed successfully.
Email sent successfully to ['itinventory@mohiafrica.org', 'noel.langat@mohiafrica.org', 'santana.macharia@mohiafrica.org']
UTF-8 safe, compressed & encrypted database backup emailed successfully.
Email sent successfully to ['itinventory@mohiafrica.org', 'noel.langat@mohiafrica.org', 'santana.macharia@mohiafrica.org']
UTF-8 safe, compressed & encrypted database backup emailed successfully.
Email sent successfully to ['itinventory@mohiafrica.org', 'noel.langat@mohiafrica.org', 'santana.macharia@mohiafrica.org']
UTF-8 safe, compressed & encrypted database backup emailed successfully.
Email sent successfully to ['itinventory@mohiafrica.org', 'noel.langat@mohiafrica.org', 'santana.macharia@mohiafrica.org']
UTF-8 safe, compressed & encrypted database backup emailed successfully.
Email sent successfully to ['itinventory@mohiafrica.org', 'noel.langat@mohiafrica.org', 'santana.macharia@mohiafrica.org']
UTF-8 safe, compressed & encrypted database backup emailed successfully.
Email sent successfully to ['itinventory@mohiafrica.org', 'noel.langat@mohiafrica.org', 'santana.macharia@mohiafrica.org']
UTF-8 safe, compressed & encrypted database backup emailed successfully.
Email sent successfully to ['itinventory@mohiafrica.org', 'noel.langat@mohiafrica.org', 'santana.macharia@mohiafrica.org']
UTF-8 safe, compressed & encrypted database backup emailed successfully.
Email sent successfully to ['itinventory@mohiafrica.org', 'noel.langat@mohiafrica.org', 'santana.macharia@mohiafrica.org']
UTF-8 safe, compressed & encrypted database backup emailed successfully.
Email sent successfully to ['itinventory@mohiafrica.org', 'noel.langat@mohiafrica.org', 'santana.macharia@mohiafrica.org']
UTF-8 safe, compressed & encrypted database backup emailed successfully.
Email sent successfully to ['itinventory@mohiafrica.org', 'noel.langat@mohiafrica.org', 'santana.macharia@mohiafrica.org']
UTF-8 safe, compressed & encrypted database backup emailed successfully.
Email sent successfully to ['itinventory@mohiafrica.org', 'noel.langat@mohiafrica.org', 'santana.macharia@mohiafrica.org']
UTF-8 safe, compressed & encrypted database backup emailed successfully.
Email sent successfully to ['itinventory@mohiafrica.org', 'noel.langat@mohiafrica.org', 'santana.macharia@mohiafrica.org']
UTF-8 safe, compressed & encrypted database backup emailed successfully.
Email sent successfully to ['itinventory@mohiafrica.org', 'noel.langat@mohiafrica.org', 'santana.macharia@mohiafrica.org']
UTF-8 safe, compressed & encrypted database backup emailed successfully.
Email sent successfully to ['itinventory@mohiafrica.org', 'noel.langat@mohiafrica.org', 'santana.macharia@mohiafrica.org']
UTF-8 safe, compressed & encrypted database backup emailed successfully.
Email sent successfully to ['itinventory@mohiafrica.org', 'noel.langat@mohiafrica.org', 'santana.macharia@mohiafrica.org']
UTF-8 safe, compressed & encrypted database backup emailed successfully.
Email sent successfully to ['itinventory@mohiafrica.org', 'noel.langat@mohiafrica.org', 'santana.macharia@mohiafrica.org']
UTF-8 safe, compressed & encrypted database backup emailed successfully.
Email sent successfully to ['itinventory@mohiafrica.org', 'noel.langat@mohiafrica.org', 'santana.macharia@mohiafrica.org']
UTF-8 safe, compressed & encrypted database backup emailed successfully.
Email sent successfully to ['itinventory@mohiafrica.org', 'noel.langat@mohiafrica.org', 'santana.macharia@mohiafrica.org']
UTF-8 safe, compressed & encrypted database backup emailed successfully.
Email sent successfully to ['itinventory@mohiafrica.org', 'noel.langat@mohiafrica.org', 'santana.macharia@mohiafrica.org']
UTF-8 safe, compressed & encrypted database backup emailed successfully.
Email sent successfully to ['itinventory@mohiafrica.org', 'noel.langat@mohiafrica.org', 'santana.macharia@mohiafrica.org']
UTF-8 safe, compressed & encrypted database backup emailed successfully.
Email sent successfully to ['itinventory@mohiafrica.org', 'noel.langat@mohiafrica.org', 'santana.macharia@mohiafrica.org']
UTF-8 safe, compressed & encrypted database backup emailed successfully.
Email sent successfully to ['itinventory@mohiafrica.org', 'noel.langat@mohiafrica.org', 'santana.macharia@mohiafrica.org']
UTF-8 safe, compressed & encrypted database backup emailed successfully.
Email sent successfully to ['itinventory@mohiafrica.org', 'noel.langat@mohiafrica.org', 'santana.macharia@mohiafrica.org']
UTF-8 safe, compressed & encrypted database backup emailed successfully.
