ERROR 2025-12-17 14:02:58,100 log 14772 13020 Internal Server Error: /it_operations/list/
Traceback (most recent call last):
  File "C:\Users\Noel\.virtualenvs\inventoryhub-ztkpPVwc\Lib\site-packages\django\urls\base.py", line 81, in reverse
    extra, resolver = resolver.namespace_dict[ns]
                      ~~~~~~~~~~~~~~~~~~~~~~~^^^^
KeyError: 'it_operations'

During handling of the above exception, another exception occurred:

Traceback (most recent call last):
  File "C:\Users\Noel\.virtualenvs\inventoryhub-ztkpPVwc\Lib\site-packages\django\core\handlers\exception.py", line 55, in inner
    response = get_response(request)
               ^^^^^^^^^^^^^^^^^^^^^
  File "C:\Users\Noel\.virtualenvs\inventoryhub-ztkpPVwc\Lib\site-packages\django\core\handlers\base.py", line 197, in _get_response
    response = wrapped_callback(request, *callback_args, **callback_kwargs)
               ^^^^^^^^^^^^^^^^^^^^^^^^^^^^^^^^^^^^^^^^^^^^^^^^^^^^^^^^^^^^
  File "C:\Users\Noel\Documents\GitHub\CLLIENTS\MOHI\inventoryhub\it_operations\views\work_plan_views.py", line 220, in work_plan_list
    return render(request, 'it_operations/work_plan/workplan_list.html', {
           ^^^^^^^^^^^^^^^^^^^^^^^^^^^^^^^^^^^^^^^^^^^^^^^^^^^^^^^^^^^^^^^
  File "C:\Users\Noel\.virtualenvs\inventoryhub-ztkpPVwc\Lib\site-packages\django\shortcuts.py", line 25, in render
    content = loader.render_to_string(template_name, context, request, using=using)
              ^^^^^^^^^^^^^^^^^^^^^^^^^^^^^^^^^^^^^^^^^^^^^^^^^^^^^^^^^^^^^^^^^^^^^
  File "C:\Users\Noel\.virtualenvs\inventoryhub-ztkpPVwc\Lib\site-packages\django\template\loader.py", line 62, in render_to_string
    return template.render(context, request)
           ^^^^^^^^^^^^^^^^^^^^^^^^^^^^^^^^^
  File "C:\Users\Noel\.virtualenvs\inventoryhub-ztkpPVwc\Lib\site-packages\django\template\backends\django.py", line 107, in render
    return self.template.render(context)
           ^^^^^^^^^^^^^^^^^^^^^^^^^^^^^
  File "C:\Users\Noel\.virtualenvs\inventoryhub-ztkpPVwc\Lib\site-packages\django\template\base.py", line 171, in render
    return self._render(context)
           ^^^^^^^^^^^^^^^^^^^^^
  File "C:\Users\Noel\.virtualenvs\inventoryhub-ztkpPVwc\Lib\site-packages\django\template\base.py", line 163, in _render
    return self.nodelist.render(context)
           ^^^^^^^^^^^^^^^^^^^^^^^^^^^^^
  File "C:\Users\Noel\.virtualenvs\inventoryhub-ztkpPVwc\Lib\site-packages\django\template\base.py", line 1016, in render
    return SafeString("".join([node.render_annotated(context) for node in self]))
                               ^^^^^^^^^^^^^^^^^^^^^^^^^^^^^^
  File "C:\Users\Noel\.virtualenvs\inventoryhub-ztkpPVwc\Lib\site-packages\django\template\base.py", line 977, in render_annotated
    return self.render(context)
           ^^^^^^^^^^^^^^^^^^^^
  File "C:\Users\Noel\.virtualenvs\inventoryhub-ztkpPVwc\Lib\site-packages\django\template\loader_tags.py", line 159, in render
    return compiled_parent._render(context)
           ^^^^^^^^^^^^^^^^^^^^^^^^^^^^^^^^
  File "C:\Users\Noel\.virtualenvs\inventoryhub-ztkpPVwc\Lib\site-packages\django\template\base.py", line 163, in _render
    return self.nodelist.render(context)
           ^^^^^^^^^^^^^^^^^^^^^^^^^^^^^
  File "C:\Users\Noel\.virtualenvs\inventoryhub-ztkpPVwc\Lib\site-packages\django\template\base.py", line 1016, in render
    return SafeString("".join([node.render_annotated(context) for node in self]))
                               ^^^^^^^^^^^^^^^^^^^^^^^^^^^^^^
  File "C:\Users\Noel\.virtualenvs\inventoryhub-ztkpPVwc\Lib\site-packages\django\template\base.py", line 977, in render_annotated
    return self.render(context)
           ^^^^^^^^^^^^^^^^^^^^
  File "C:\Users\Noel\.virtualenvs\inventoryhub-ztkpPVwc\Lib\site-packages\django\template\loader_tags.py", line 65, in render
    result = block.nodelist.render(context)
             ^^^^^^^^^^^^^^^^^^^^^^^^^^^^^^
  File "C:\Users\Noel\.virtualenvs\inventoryhub-ztkpPVwc\Lib\site-packages\django\template\base.py", line 1016, in render
    return SafeString("".join([node.render_annotated(context) for node in self]))
                               ^^^^^^^^^^^^^^^^^^^^^^^^^^^^^^
  File "C:\Users\Noel\.virtualenvs\inventoryhub-ztkpPVwc\Lib\site-packages\django\template\base.py", line 977, in render_annotated
    return self.render(context)
           ^^^^^^^^^^^^^^^^^^^^
  File "C:\Users\Noel\.virtualenvs\inventoryhub-ztkpPVwc\Lib\site-packages\django\template\defaulttags.py", line 327, in render
    return nodelist.render(context)
           ^^^^^^^^^^^^^^^^^^^^^^^^
  File "C:\Users\Noel\.virtualenvs\inventoryhub-ztkpPVwc\Lib\site-packages\django\template\base.py", line 1016, in render
    return SafeString("".join([node.render_annotated(context) for node in self]))
                               ^^^^^^^^^^^^^^^^^^^^^^^^^^^^^^
  File "C:\Users\Noel\.virtualenvs\inventoryhub-ztkpPVwc\Lib\site-packages\django\template\base.py", line 977, in render_annotated
    return self.render(context)
           ^^^^^^^^^^^^^^^^^^^^
  File "C:\Users\Noel\.virtualenvs\inventoryhub-ztkpPVwc\Lib\site-packages\django\template\defaulttags.py", line 480, in render
    url = reverse(view_name, args=args, kwargs=kwargs, current_app=current_app)
          ^^^^^^^^^^^^^^^^^^^^^^^^^^^^^^^^^^^^^^^^^^^^^^^^^^^^^^^^^^^^^^^^^^^^^
  File "C:\Users\Noel\.virtualenvs\inventoryhub-ztkpPVwc\Lib\site-packages\django\urls\base.py", line 92, in reverse
    raise NoReverseMatch("%s is not a registered namespace" % key)
django.urls.exceptions.NoReverseMatch: 'it_operations' is not a registered namespace
ERROR 2025-12-17 14:02:58,110 basehttp 14772 13020 "GET /it_operations/list/ HTTP/1.1" 500 167350
ERROR 2025-12-17 15:15:40,862 log 8140 16088 Internal Server Error: /it_operations/workplans/2/
Traceback (most recent call last):
  File "C:\Users\Noel\.virtualenvs\inventoryhub-ztkpPVwc\Lib\site-packages\django\core\handlers\exception.py", line 55, in inner
    response = get_response(request)
               ^^^^^^^^^^^^^^^^^^^^^
  File "C:\Users\Noel\.virtualenvs\inventoryhub-ztkpPVwc\Lib\site-packages\django\core\handlers\base.py", line 197, in _get_response
    response = wrapped_callback(request, *callback_args, **callback_kwargs)
               ^^^^^^^^^^^^^^^^^^^^^^^^^^^^^^^^^^^^^^^^^^^^^^^^^^^^^^^^^^^^
  File "C:\Users\Noel\.virtualenvs\inventoryhub-ztkpPVwc\Lib\site-packages\django\contrib\auth\decorators.py", line 59, in _view_wrapper
    return view_func(request, *args, **kwargs)
           ^^^^^^^^^^^^^^^^^^^^^^^^^^^^^^^^^^^
  File "C:\Users\Noel\Documents\GitHub\CLLIENTS\MOHI\inventoryhub\it_operations\views\work_plan_views.py", line 237, in work_plan_detail
    return render(request, 'work_plan/workplan_detail.html', context)
           ^^^^^^^^^^^^^^^^^^^^^^^^^^^^^^^^^^^^^^^^^^^^^^^^^^^^^^^^^^
  File "C:\Users\Noel\.virtualenvs\inventoryhub-ztkpPVwc\Lib\site-packages\django\shortcuts.py", line 25, in render
    content = loader.render_to_string(template_name, context, request, using=using)
              ^^^^^^^^^^^^^^^^^^^^^^^^^^^^^^^^^^^^^^^^^^^^^^^^^^^^^^^^^^^^^^^^^^^^^
  File "C:\Users\Noel\.virtualenvs\inventoryhub-ztkpPVwc\Lib\site-packages\django\template\loader.py", line 61, in render_to_string
    template = get_template(template_name, using=using)
               ^^^^^^^^^^^^^^^^^^^^^^^^^^^^^^^^^^^^^^^^
  File "C:\Users\Noel\.virtualenvs\inventoryhub-ztkpPVwc\Lib\site-packages\django\template\loader.py", line 15, in get_template
    return engine.get_template(template_name)
           ^^^^^^^^^^^^^^^^^^^^^^^^^^^^^^^^^^
  File "C:\Users\Noel\.virtualenvs\inventoryhub-ztkpPVwc\Lib\site-packages\django\template\backends\django.py", line 79, in get_template
    return Template(self.engine.get_template(template_name), self)
                    ^^^^^^^^^^^^^^^^^^^^^^^^^^^^^^^^^^^^^^^
  File "C:\Users\Noel\.virtualenvs\inventoryhub-ztkpPVwc\Lib\site-packages\django\template\engine.py", line 177, in get_template
    template, origin = self.find_template(template_name)
                       ^^^^^^^^^^^^^^^^^^^^^^^^^^^^^^^^^
  File "C:\Users\Noel\.virtualenvs\inventoryhub-ztkpPVwc\Lib\site-packages\django\template\engine.py", line 159, in find_template
    template = loader.get_template(name, skip=skip)
               ^^^^^^^^^^^^^^^^^^^^^^^^^^^^^^^^^^^^
  File "C:\Users\Noel\.virtualenvs\inventoryhub-ztkpPVwc\Lib\site-packages\django\template\loaders\cached.py", line 57, in get_template
    template = super().get_template(template_name, skip)
               ^^^^^^^^^^^^^^^^^^^^^^^^^^^^^^^^^^^^^^^^^
  File "C:\Users\Noel\.virtualenvs\inventoryhub-ztkpPVwc\Lib\site-packages\django\template\loaders\base.py", line 28, in get_template
    return Template(
           ^^^^^^^^^
  File "C:\Users\Noel\.virtualenvs\inventoryhub-ztkpPVwc\Lib\site-packages\django\template\base.py", line 154, in __init__
    self.nodelist = self.compile_nodelist()
                    ^^^^^^^^^^^^^^^^^^^^^^^
  File "C:\Users\Noel\.virtualenvs\inventoryhub-ztkpPVwc\Lib\site-packages\django\template\base.py", line 196, in compile_nodelist
    nodelist = parser.parse()
               ^^^^^^^^^^^^^^
  File "C:\Users\Noel\.virtualenvs\inventoryhub-ztkpPVwc\Lib\site-packages\django\template\base.py", line 518, in parse
    raise self.error(token, e)
  File "C:\Users\Noel\.virtualenvs\inventoryhub-ztkpPVwc\Lib\site-packages\django\template\base.py", line 516, in parse
    compiled_result = compile_func(self, token)
                      ^^^^^^^^^^^^^^^^^^^^^^^^^
  File "C:\Users\Noel\.virtualenvs\inventoryhub-ztkpPVwc\Lib\site-packages\django\template\loader_tags.py", line 299, in do_extends
    nodelist = parser.parse()
               ^^^^^^^^^^^^^^
  File "C:\Users\Noel\.virtualenvs\inventoryhub-ztkpPVwc\Lib\site-packages\django\template\base.py", line 518, in parse
    raise self.error(token, e)
  File "C:\Users\Noel\.virtualenvs\inventoryhub-ztkpPVwc\Lib\site-packages\django\template\base.py", line 516, in parse
    compiled_result = compile_func(self, token)
                      ^^^^^^^^^^^^^^^^^^^^^^^^^
  File "C:\Users\Noel\.virtualenvs\inventoryhub-ztkpPVwc\Lib\site-packages\django\template\loader_tags.py", line 234, in do_block
    nodelist = parser.parse(("endblock",))
               ^^^^^^^^^^^^^^^^^^^^^^^^^^^
  File "C:\Users\Noel\.virtualenvs\inventoryhub-ztkpPVwc\Lib\site-packages\django\template\base.py", line 518, in parse
    raise self.error(token, e)
  File "C:\Users\Noel\.virtualenvs\inventoryhub-ztkpPVwc\Lib\site-packages\django\template\base.py", line 516, in parse
    compiled_result = compile_func(self, token)
                      ^^^^^^^^^^^^^^^^^^^^^^^^^
  File "C:\Users\Noel\.virtualenvs\inventoryhub-ztkpPVwc\Lib\site-packages\django\template\defaulttags.py", line 962, in do_if
    nodelist = parser.parse(("elif", "else", "endif"))
               ^^^^^^^^^^^^^^^^^^^^^^^^^^^^^^^^^^^^^^^
  File "C:\Users\Noel\.virtualenvs\inventoryhub-ztkpPVwc\Lib\site-packages\django\template\base.py", line 518, in parse
    raise self.error(token, e)
  File "C:\Users\Noel\.virtualenvs\inventoryhub-ztkpPVwc\Lib\site-packages\django\template\base.py", line 516, in parse
    compiled_result = compile_func(self, token)
                      ^^^^^^^^^^^^^^^^^^^^^^^^^
  File "C:\Users\Noel\.virtualenvs\inventoryhub-ztkpPVwc\Lib\site-packages\django\template\defaulttags.py", line 862, in do_for
    nodelist_loop = parser.parse(
                    ^^^^^^^^^^^^^
  File "C:\Users\Noel\.virtualenvs\inventoryhub-ztkpPVwc\Lib\site-packages\django\template\base.py", line 518, in parse
    raise self.error(token, e)
  File "C:\Users\Noel\.virtualenvs\inventoryhub-ztkpPVwc\Lib\site-packages\django\template\base.py", line 516, in parse
    compiled_result = compile_func(self, token)
                      ^^^^^^^^^^^^^^^^^^^^^^^^^
  File "C:\Users\Noel\.virtualenvs\inventoryhub-ztkpPVwc\Lib\site-packages\django\template\defaulttags.py", line 1540, in do_with
    nodelist = parser.parse(("endwith",))
               ^^^^^^^^^^^^^^^^^^^^^^^^^^
  File "C:\Users\Noel\.virtualenvs\inventoryhub-ztkpPVwc\Lib\site-packages\django\template\base.py", line 518, in parse
    raise self.error(token, e)
  File "C:\Users\Noel\.virtualenvs\inventoryhub-ztkpPVwc\Lib\site-packages\django\template\base.py", line 516, in parse
    compiled_result = compile_func(self, token)
                      ^^^^^^^^^^^^^^^^^^^^^^^^^
  File "C:\Users\Noel\.virtualenvs\inventoryhub-ztkpPVwc\Lib\site-packages\django\template\defaulttags.py", line 1531, in do_with
    extra_context = token_kwargs(remaining_bits, parser, support_legacy=True)
                    ^^^^^^^^^^^^^^^^^^^^^^^^^^^^^^^^^^^^^^^^^^^^^^^^^^^^^^^^^
  File "C:\Users\Noel\.virtualenvs\inventoryhub-ztkpPVwc\Lib\site-packages\django\template\base.py", line 1127, in token_kwargs
    kwargs[key] = parser.compile_filter(value)
                  ^^^^^^^^^^^^^^^^^^^^^^^^^^^^
  File "C:\Users\Noel\.virtualenvs\inventoryhub-ztkpPVwc\Lib\site-packages\django\template\base.py", line 609, in compile_filter
    return FilterExpression(token, self)
           ^^^^^^^^^^^^^^^^^^^^^^^^^^^^^
  File "C:\Users\Noel\.virtualenvs\inventoryhub-ztkpPVwc\Lib\site-packages\django\template\base.py", line 705, in __init__
    filter_func = parser.find_filter(filter_name)
                  ^^^^^^^^^^^^^^^^^^^^^^^^^^^^^^^
  File "C:\Users\Noel\.virtualenvs\inventoryhub-ztkpPVwc\Lib\site-packages\django\template\base.py", line 615, in find_filter
    raise TemplateSyntaxError("Invalid filter: '%s'" % filter_name)
django.template.exceptions.TemplateSyntaxError: Invalid filter: 'lookup'
ERROR 2025-12-17 15:15:40,879 basehttp 8140 16088 "GET /it_operations/workplans/2/ HTTP/1.1" 500 410844
ERROR 2025-12-17 16:04:42,505 log 9284 4956 Internal Server Error: /it_operations/workplans/task/7/edit/
Traceback (most recent call last):
  File "C:\Users\Noel\.virtualenvs\inventoryhub-ztkpPVwc\Lib\site-packages\django\core\handlers\exception.py", line 55, in inner
    response = get_response(request)
               ^^^^^^^^^^^^^^^^^^^^^
  File "C:\Users\Noel\.virtualenvs\inventoryhub-ztkpPVwc\Lib\site-packages\django\core\handlers\base.py", line 197, in _get_response
    response = wrapped_callback(request, *callback_args, **callback_kwargs)
               ^^^^^^^^^^^^^^^^^^^^^^^^^^^^^^^^^^^^^^^^^^^^^^^^^^^^^^^^^^^^
  File "C:\Users\Noel\.virtualenvs\inventoryhub-ztkpPVwc\Lib\site-packages\django\contrib\auth\decorators.py", line 59, in _view_wrapper
    return view_func(request, *args, **kwargs)
           ^^^^^^^^^^^^^^^^^^^^^^^^^^^^^^^^^^^
  File "C:\Users\Noel\.virtualenvs\inventoryhub-ztkpPVwc\Lib\site-packages\django\views\decorators\http.py", line 64, in inner
    return func(request, *args, **kwargs)
           ^^^^^^^^^^^^^^^^^^^^^^^^^^^^^^
  File "C:\Users\Noel\Documents\GitHub\CLLIENTS\MOHI\inventoryhub\it_operations\views\work_plan_views.py", line 371, in work_plan_task_edit
    task.save()
  File "C:\Users\Noel\Documents\GitHub\CLLIENTS\MOHI\inventoryhub\it_operations\models.py", line 265, in save
    self.full_clean() # Run the validation above before saving
    ^^^^^^^^^^^^^^^^^
  File "C:\Users\Noel\.virtualenvs\inventoryhub-ztkpPVwc\Lib\site-packages\django\db\models\base.py", line 1679, in full_clean
    raise ValidationError(errors)
django.core.exceptions.ValidationError: {'__all__': ["Cannot add task on 2025-12-23. This day is marked as 'On Leave'."]}
ERROR 2025-12-17 16:04:42,509 basehttp 9284 4956 "POST /it_operations/workplans/task/7/edit/ HTTP/1.1" 500 88634
ERROR 2025-12-17 16:08:32,209 log 9284 4956 Internal Server Error: /it_operations/workplans/task/8/edit/
Traceback (most recent call last):
  File "C:\Users\Noel\.virtualenvs\inventoryhub-ztkpPVwc\Lib\site-packages\django\core\handlers\exception.py", line 55, in inner
    response = get_response(request)
               ^^^^^^^^^^^^^^^^^^^^^
  File "C:\Users\Noel\.virtualenvs\inventoryhub-ztkpPVwc\Lib\site-packages\django\core\handlers\base.py", line 197, in _get_response
    response = wrapped_callback(request, *callback_args, **callback_kwargs)
               ^^^^^^^^^^^^^^^^^^^^^^^^^^^^^^^^^^^^^^^^^^^^^^^^^^^^^^^^^^^^
  File "C:\Users\Noel\.virtualenvs\inventoryhub-ztkpPVwc\Lib\site-packages\django\contrib\auth\decorators.py", line 59, in _view_wrapper
    return view_func(request, *args, **kwargs)
           ^^^^^^^^^^^^^^^^^^^^^^^^^^^^^^^^^^^
  File "C:\Users\Noel\.virtualenvs\inventoryhub-ztkpPVwc\Lib\site-packages\django\views\decorators\http.py", line 64, in inner
    return func(request, *args, **kwargs)
           ^^^^^^^^^^^^^^^^^^^^^^^^^^^^^^
  File "C:\Users\Noel\Documents\GitHub\CLLIENTS\MOHI\inventoryhub\it_operations\views\work_plan_views.py", line 371, in work_plan_task_edit
    task.save()
  File "C:\Users\Noel\Documents\GitHub\CLLIENTS\MOHI\inventoryhub\it_operations\models.py", line 265, in save
    self.full_clean() # Run the validation above before saving
    ^^^^^^^^^^^^^^^^^
  File "C:\Users\Noel\.virtualenvs\inventoryhub-ztkpPVwc\Lib\site-packages\django\db\models\base.py", line 1679, in full_clean
    raise ValidationError(errors)
django.core.exceptions.ValidationError: {'__all__': ["Cannot add task on 2025-12-29. This day is marked as 'On Leave'."]}
ERROR 2025-12-17 16:08:32,209 basehttp 9284 4956 "POST /it_operations/workplans/task/8/edit/ HTTP/1.1" 500 88653
ERROR 2025-12-18 19:35:58,209 log 3583503 140231030485504 Invalid HTTP_HOST header: 'www.test.mohiit.org'. You may need to add 'www.test.mohiit.org' to ALLOWED_HOSTS.
Traceback (most recent call last):
  File "/home/ufdxwals/virtualenv/inventory_test/3.10/lib/python3.10/site-packages/django/core/handlers/exception.py", line 55, in inner
    response = get_response(request)
  File "/home/ufdxwals/virtualenv/inventory_test/3.10/lib/python3.10/site-packages/django/utils/deprecation.py", line 119, in __call__
    response = self.process_request(request)
  File "/home/ufdxwals/virtualenv/inventory_test/3.10/lib/python3.10/site-packages/django/middleware/common.py", line 48, in process_request
    host = request.get_host()
  File "/home/ufdxwals/virtualenv/inventory_test/3.10/lib/python3.10/site-packages/django/http/request.py", line 202, in get_host
    raise DisallowedHost(msg)
django.core.exceptions.DisallowedHost: Invalid HTTP_HOST header: 'www.test.mohiit.org'. You may need to add 'www.test.mohiit.org' to ALLOWED_HOSTS.
ERROR 2025-12-18 19:35:58,618 log 3583503 140231030485504 Invalid HTTP_HOST header: 'www.test.mohiit.org'. You may need to add 'www.test.mohiit.org' to ALLOWED_HOSTS.
Traceback (most recent call last):
  File "/home/ufdxwals/virtualenv/inventory_test/3.10/lib/python3.10/site-packages/django/core/handlers/exception.py", line 55, in inner
    response = get_response(request)
  File "/home/ufdxwals/virtualenv/inventory_test/3.10/lib/python3.10/site-packages/django/utils/deprecation.py", line 119, in __call__
    response = self.process_request(request)
  File "/home/ufdxwals/virtualenv/inventory_test/3.10/lib/python3.10/site-packages/django/middleware/common.py", line 48, in process_request
    host = request.get_host()
  File "/home/ufdxwals/virtualenv/inventory_test/3.10/lib/python3.10/site-packages/django/http/request.py", line 202, in get_host
    raise DisallowedHost(msg)
django.core.exceptions.DisallowedHost: Invalid HTTP_HOST header: 'www.test.mohiit.org'. You may need to add 'www.test.mohiit.org' to ALLOWED_HOSTS.
ERROR 2025-12-18 19:35:59,790 log 3583504 140231030485504 Invalid HTTP_HOST header: 'www.test.mohiit.org'. You may need to add 'www.test.mohiit.org' to ALLOWED_HOSTS.
Traceback (most recent call last):
  File "/home/ufdxwals/virtualenv/inventory_test/3.10/lib/python3.10/site-packages/django/core/handlers/exception.py", line 55, in inner
    response = get_response(request)
  File "/home/ufdxwals/virtualenv/inventory_test/3.10/lib/python3.10/site-packages/django/utils/deprecation.py", line 119, in __call__
    response = self.process_request(request)
  File "/home/ufdxwals/virtualenv/inventory_test/3.10/lib/python3.10/site-packages/django/middleware/common.py", line 48, in process_request
    host = request.get_host()
  File "/home/ufdxwals/virtualenv/inventory_test/3.10/lib/python3.10/site-packages/django/http/request.py", line 202, in get_host
    raise DisallowedHost(msg)
django.core.exceptions.DisallowedHost: Invalid HTTP_HOST header: 'www.test.mohiit.org'. You may need to add 'www.test.mohiit.org' to ALLOWED_HOSTS.
ERROR 2025-12-18 20:25:50,910 log 3723880 139655069835776 Invalid HTTP_HOST header: 'www.test.mohiit.org'. You may need to add 'www.test.mohiit.org' to ALLOWED_HOSTS.
Traceback (most recent call last):
  File "/home/ufdxwals/virtualenv/inventory_test/3.10/lib/python3.10/site-packages/django/core/handlers/exception.py", line 55, in inner
    response = get_response(request)
  File "/home/ufdxwals/virtualenv/inventory_test/3.10/lib/python3.10/site-packages/django/utils/deprecation.py", line 119, in __call__
    response = self.process_request(request)
  File "/home/ufdxwals/virtualenv/inventory_test/3.10/lib/python3.10/site-packages/django/middleware/common.py", line 48, in process_request
    host = request.get_host()
  File "/home/ufdxwals/virtualenv/inventory_test/3.10/lib/python3.10/site-packages/django/http/request.py", line 202, in get_host
    raise DisallowedHost(msg)
django.core.exceptions.DisallowedHost: Invalid HTTP_HOST header: 'www.test.mohiit.org'. You may need to add 'www.test.mohiit.org' to ALLOWED_HOSTS.
ERROR 2025-12-18 23:45:10,703 log 426551 140205486383616 Invalid HTTP_HOST header: 'www.test.mohiit.org'. You may need to add 'www.test.mohiit.org' to ALLOWED_HOSTS.
Traceback (most recent call last):
  File "/home/ufdxwals/virtualenv/inventory_test/3.10/lib/python3.10/site-packages/django/core/handlers/exception.py", line 55, in inner
    response = get_response(request)
  File "/home/ufdxwals/virtualenv/inventory_test/3.10/lib/python3.10/site-packages/django/utils/deprecation.py", line 119, in __call__
    response = self.process_request(request)
  File "/home/ufdxwals/virtualenv/inventory_test/3.10/lib/python3.10/site-packages/django/middleware/common.py", line 48, in process_request
    host = request.get_host()
  File "/home/ufdxwals/virtualenv/inventory_test/3.10/lib/python3.10/site-packages/django/http/request.py", line 202, in get_host
    raise DisallowedHost(msg)
django.core.exceptions.DisallowedHost: Invalid HTTP_HOST header: 'www.test.mohiit.org'. You may need to add 'www.test.mohiit.org' to ALLOWED_HOSTS.
ERROR 2025-12-18 23:45:11,307 log 426582 140205486383616 Invalid HTTP_HOST header: 'www.test.mohiit.org'. You may need to add 'www.test.mohiit.org' to ALLOWED_HOSTS.
Traceback (most recent call last):
  File "/home/ufdxwals/virtualenv/inventory_test/3.10/lib/python3.10/site-packages/django/core/handlers/exception.py", line 55, in inner
    response = get_response(request)
  File "/home/ufdxwals/virtualenv/inventory_test/3.10/lib/python3.10/site-packages/django/utils/deprecation.py", line 119, in __call__
    response = self.process_request(request)
  File "/home/ufdxwals/virtualenv/inventory_test/3.10/lib/python3.10/site-packages/django/middleware/common.py", line 48, in process_request
    host = request.get_host()
  File "/home/ufdxwals/virtualenv/inventory_test/3.10/lib/python3.10/site-packages/django/http/request.py", line 202, in get_host
    raise DisallowedHost(msg)
django.core.exceptions.DisallowedHost: Invalid HTTP_HOST header: 'www.test.mohiit.org'. You may need to add 'www.test.mohiit.org' to ALLOWED_HOSTS.
ERROR 2025-12-19 03:51:34,495 log 1252649 140283217363456 Invalid HTTP_HOST header: 'www.test.mohiit.org'. You may need to add 'www.test.mohiit.org' to ALLOWED_HOSTS.
Traceback (most recent call last):
  File "/home/ufdxwals/virtualenv/inventory_test/3.10/lib/python3.10/site-packages/django/core/handlers/exception.py", line 55, in inner
    response = get_response(request)
  File "/home/ufdxwals/virtualenv/inventory_test/3.10/lib/python3.10/site-packages/django/utils/deprecation.py", line 119, in __call__
    response = self.process_request(request)
  File "/home/ufdxwals/virtualenv/inventory_test/3.10/lib/python3.10/site-packages/django/middleware/common.py", line 48, in process_request
    host = request.get_host()
  File "/home/ufdxwals/virtualenv/inventory_test/3.10/lib/python3.10/site-packages/django/http/request.py", line 202, in get_host
    raise DisallowedHost(msg)
django.core.exceptions.DisallowedHost: Invalid HTTP_HOST header: 'www.test.mohiit.org'. You may need to add 'www.test.mohiit.org' to ALLOWED_HOSTS.
ERROR 2025-12-19 09:17:51,677 log 2407630 140181533090304 Invalid HTTP_HOST header: 'www.test.mohiit.org'. You may need to add 'www.test.mohiit.org' to ALLOWED_HOSTS.
Traceback (most recent call last):
  File "/home/ufdxwals/virtualenv/inventory_test/3.10/lib/python3.10/site-packages/django/core/handlers/exception.py", line 55, in inner
    response = get_response(request)
  File "/home/ufdxwals/virtualenv/inventory_test/3.10/lib/python3.10/site-packages/django/utils/deprecation.py", line 119, in __call__
    response = self.process_request(request)
  File "/home/ufdxwals/virtualenv/inventory_test/3.10/lib/python3.10/site-packages/django/middleware/common.py", line 48, in process_request
    host = request.get_host()
  File "/home/ufdxwals/virtualenv/inventory_test/3.10/lib/python3.10/site-packages/django/http/request.py", line 202, in get_host
    raise DisallowedHost(msg)
django.core.exceptions.DisallowedHost: Invalid HTTP_HOST header: 'www.test.mohiit.org'. You may need to add 'www.test.mohiit.org' to ALLOWED_HOSTS.
ERROR 2025-12-19 09:17:52,063 log 2407630 140181533090304 Invalid HTTP_HOST header: 'www.test.mohiit.org'. You may need to add 'www.test.mohiit.org' to ALLOWED_HOSTS.
Traceback (most recent call last):
  File "/home/ufdxwals/virtualenv/inventory_test/3.10/lib/python3.10/site-packages/django/core/handlers/exception.py", line 55, in inner
    response = get_response(request)
  File "/home/ufdxwals/virtualenv/inventory_test/3.10/lib/python3.10/site-packages/django/utils/deprecation.py", line 119, in __call__
    response = self.process_request(request)
  File "/home/ufdxwals/virtualenv/inventory_test/3.10/lib/python3.10/site-packages/django/middleware/common.py", line 48, in process_request
    host = request.get_host()
  File "/home/ufdxwals/virtualenv/inventory_test/3.10/lib/python3.10/site-packages/django/http/request.py", line 202, in get_host
    raise DisallowedHost(msg)
django.core.exceptions.DisallowedHost: Invalid HTTP_HOST header: 'www.test.mohiit.org'. You may need to add 'www.test.mohiit.org' to ALLOWED_HOSTS.
ERROR 2025-12-19 09:17:52,423 log 2407630 140181533090304 Invalid HTTP_HOST header: 'www.test.mohiit.org'. You may need to add 'www.test.mohiit.org' to ALLOWED_HOSTS.
Traceback (most recent call last):
  File "/home/ufdxwals/virtualenv/inventory_test/3.10/lib/python3.10/site-packages/django/core/handlers/exception.py", line 55, in inner
    response = get_response(request)
  File "/home/ufdxwals/virtualenv/inventory_test/3.10/lib/python3.10/site-packages/django/utils/deprecation.py", line 119, in __call__
    response = self.process_request(request)
  File "/home/ufdxwals/virtualenv/inventory_test/3.10/lib/python3.10/site-packages/django/middleware/common.py", line 48, in process_request
    host = request.get_host()
  File "/home/ufdxwals/virtualenv/inventory_test/3.10/lib/python3.10/site-packages/django/http/request.py", line 202, in get_host
    raise DisallowedHost(msg)
django.core.exceptions.DisallowedHost: Invalid HTTP_HOST header: 'www.test.mohiit.org'. You may need to add 'www.test.mohiit.org' to ALLOWED_HOSTS.
ERROR 2025-12-19 09:17:52,770 log 2407630 140181533090304 Invalid HTTP_HOST header: 'www.test.mohiit.org'. You may need to add 'www.test.mohiit.org' to ALLOWED_HOSTS.
Traceback (most recent call last):
  File "/home/ufdxwals/virtualenv/inventory_test/3.10/lib/python3.10/site-packages/django/core/handlers/exception.py", line 55, in inner
    response = get_response(request)
  File "/home/ufdxwals/virtualenv/inventory_test/3.10/lib/python3.10/site-packages/django/utils/deprecation.py", line 119, in __call__
    response = self.process_request(request)
  File "/home/ufdxwals/virtualenv/inventory_test/3.10/lib/python3.10/site-packages/django/middleware/common.py", line 48, in process_request
    host = request.get_host()
  File "/home/ufdxwals/virtualenv/inventory_test/3.10/lib/python3.10/site-packages/django/http/request.py", line 202, in get_host
    raise DisallowedHost(msg)
django.core.exceptions.DisallowedHost: Invalid HTTP_HOST header: 'www.test.mohiit.org'. You may need to add 'www.test.mohiit.org' to ALLOWED_HOSTS.
ERROR 2025-12-19 09:17:53,110 log 2407630 140181533090304 Invalid HTTP_HOST header: 'www.test.mohiit.org'. You may need to add 'www.test.mohiit.org' to ALLOWED_HOSTS.
Traceback (most recent call last):
  File "/home/ufdxwals/virtualenv/inventory_test/3.10/lib/python3.10/site-packages/django/core/handlers/exception.py", line 55, in inner
    response = get_response(request)
  File "/home/ufdxwals/virtualenv/inventory_test/3.10/lib/python3.10/site-packages/django/utils/deprecation.py", line 119, in __call__
    response = self.process_request(request)
  File "/home/ufdxwals/virtualenv/inventory_test/3.10/lib/python3.10/site-packages/django/middleware/common.py", line 48, in process_request
    host = request.get_host()
  File "/home/ufdxwals/virtualenv/inventory_test/3.10/lib/python3.10/site-packages/django/http/request.py", line 202, in get_host
    raise DisallowedHost(msg)
django.core.exceptions.DisallowedHost: Invalid HTTP_HOST header: 'www.test.mohiit.org'. You may need to add 'www.test.mohiit.org' to ALLOWED_HOSTS.
ERROR 2025-12-19 09:17:53,453 log 2407630 140181533090304 Invalid HTTP_HOST header: 'www.test.mohiit.org'. You may need to add 'www.test.mohiit.org' to ALLOWED_HOSTS.
Traceback (most recent call last):
  File "/home/ufdxwals/virtualenv/inventory_test/3.10/lib/python3.10/site-packages/django/core/handlers/exception.py", line 55, in inner
    response = get_response(request)
  File "/home/ufdxwals/virtualenv/inventory_test/3.10/lib/python3.10/site-packages/django/utils/deprecation.py", line 119, in __call__
    response = self.process_request(request)
  File "/home/ufdxwals/virtualenv/inventory_test/3.10/lib/python3.10/site-packages/django/middleware/common.py", line 48, in process_request
    host = request.get_host()
  File "/home/ufdxwals/virtualenv/inventory_test/3.10/lib/python3.10/site-packages/django/http/request.py", line 202, in get_host
    raise DisallowedHost(msg)
django.core.exceptions.DisallowedHost: Invalid HTTP_HOST header: 'www.test.mohiit.org'. You may need to add 'www.test.mohiit.org' to ALLOWED_HOSTS.
ERROR 2025-12-19 09:17:53,800 log 2407630 140181533090304 Invalid HTTP_HOST header: 'www.test.mohiit.org'. You may need to add 'www.test.mohiit.org' to ALLOWED_HOSTS.
Traceback (most recent call last):
  File "/home/ufdxwals/virtualenv/inventory_test/3.10/lib/python3.10/site-packages/django/core/handlers/exception.py", line 55, in inner
    response = get_response(request)
  File "/home/ufdxwals/virtualenv/inventory_test/3.10/lib/python3.10/site-packages/django/utils/deprecation.py", line 119, in __call__
    response = self.process_request(request)
  File "/home/ufdxwals/virtualenv/inventory_test/3.10/lib/python3.10/site-packages/django/middleware/common.py", line 48, in process_request
    host = request.get_host()
  File "/home/ufdxwals/virtualenv/inventory_test/3.10/lib/python3.10/site-packages/django/http/request.py", line 202, in get_host
    raise DisallowedHost(msg)
django.core.exceptions.DisallowedHost: Invalid HTTP_HOST header: 'www.test.mohiit.org'. You may need to add 'www.test.mohiit.org' to ALLOWED_HOSTS.
ERROR 2025-12-19 09:17:54,156 log 2407630 140181533090304 Invalid HTTP_HOST header: 'www.test.mohiit.org'. You may need to add 'www.test.mohiit.org' to ALLOWED_HOSTS.
Traceback (most recent call last):
  File "/home/ufdxwals/virtualenv/inventory_test/3.10/lib/python3.10/site-packages/django/core/handlers/exception.py", line 55, in inner
    response = get_response(request)
  File "/home/ufdxwals/virtualenv/inventory_test/3.10/lib/python3.10/site-packages/django/utils/deprecation.py", line 119, in __call__
    response = self.process_request(request)
  File "/home/ufdxwals/virtualenv/inventory_test/3.10/lib/python3.10/site-packages/django/middleware/common.py", line 48, in process_request
    host = request.get_host()
  File "/home/ufdxwals/virtualenv/inventory_test/3.10/lib/python3.10/site-packages/django/http/request.py", line 202, in get_host
    raise DisallowedHost(msg)
django.core.exceptions.DisallowedHost: Invalid HTTP_HOST header: 'www.test.mohiit.org'. You may need to add 'www.test.mohiit.org' to ALLOWED_HOSTS.
ERROR 2025-12-19 09:17:54,505 log 2407630 140181533090304 Invalid HTTP_HOST header: 'www.test.mohiit.org'. You may need to add 'www.test.mohiit.org' to ALLOWED_HOSTS.
Traceback (most recent call last):
  File "/home/ufdxwals/virtualenv/inventory_test/3.10/lib/python3.10/site-packages/django/core/handlers/exception.py", line 55, in inner
    response = get_response(request)
  File "/home/ufdxwals/virtualenv/inventory_test/3.10/lib/python3.10/site-packages/django/utils/deprecation.py", line 119, in __call__
    response = self.process_request(request)
  File "/home/ufdxwals/virtualenv/inventory_test/3.10/lib/python3.10/site-packages/django/middleware/common.py", line 48, in process_request
    host = request.get_host()
  File "/home/ufdxwals/virtualenv/inventory_test/3.10/lib/python3.10/site-packages/django/http/request.py", line 202, in get_host
    raise DisallowedHost(msg)
django.core.exceptions.DisallowedHost: Invalid HTTP_HOST header: 'www.test.mohiit.org'. You may need to add 'www.test.mohiit.org' to ALLOWED_HOSTS.
ERROR 2025-12-19 09:17:54,846 log 2407630 140181533090304 Invalid HTTP_HOST header: 'www.test.mohiit.org'. You may need to add 'www.test.mohiit.org' to ALLOWED_HOSTS.
Traceback (most recent call last):
  File "/home/ufdxwals/virtualenv/inventory_test/3.10/lib/python3.10/site-packages/django/core/handlers/exception.py", line 55, in inner
    response = get_response(request)
  File "/home/ufdxwals/virtualenv/inventory_test/3.10/lib/python3.10/site-packages/django/utils/deprecation.py", line 119, in __call__
    response = self.process_request(request)
  File "/home/ufdxwals/virtualenv/inventory_test/3.10/lib/python3.10/site-packages/django/middleware/common.py", line 48, in process_request
    host = request.get_host()
  File "/home/ufdxwals/virtualenv/inventory_test/3.10/lib/python3.10/site-packages/django/http/request.py", line 202, in get_host
    raise DisallowedHost(msg)
django.core.exceptions.DisallowedHost: Invalid HTTP_HOST header: 'www.test.mohiit.org'. You may need to add 'www.test.mohiit.org' to ALLOWED_HOSTS.
ERROR 2025-12-19 13:41:46,073 log 3332604 140396052607488 Invalid HTTP_HOST header: 'www.test.mohiit.org'. You may need to add 'www.test.mohiit.org' to ALLOWED_HOSTS.
Traceback (most recent call last):
  File "/home/ufdxwals/virtualenv/inventory_test/3.10/lib/python3.10/site-packages/django/core/handlers/exception.py", line 55, in inner
    response = get_response(request)
  File "/home/ufdxwals/virtualenv/inventory_test/3.10/lib/python3.10/site-packages/django/utils/deprecation.py", line 119, in __call__
    response = self.process_request(request)
  File "/home/ufdxwals/virtualenv/inventory_test/3.10/lib/python3.10/site-packages/django/middleware/common.py", line 48, in process_request
    host = request.get_host()
  File "/home/ufdxwals/virtualenv/inventory_test/3.10/lib/python3.10/site-packages/django/http/request.py", line 202, in get_host
    raise DisallowedHost(msg)
django.core.exceptions.DisallowedHost: Invalid HTTP_HOST header: 'www.test.mohiit.org'. You may need to add 'www.test.mohiit.org' to ALLOWED_HOSTS.
ERROR 2025-12-19 20:13:07,021 log 2097989 140378531000832 Invalid HTTP_HOST header: 'www.test.mohiit.org'. You may need to add 'www.test.mohiit.org' to ALLOWED_HOSTS.
Traceback (most recent call last):
  File "/home/ufdxwals/virtualenv/inventory_test/3.10/lib/python3.10/site-packages/django/core/handlers/exception.py", line 55, in inner
    response = get_response(request)
  File "/home/ufdxwals/virtualenv/inventory_test/3.10/lib/python3.10/site-packages/django/utils/deprecation.py", line 119, in __call__
    response = self.process_request(request)
  File "/home/ufdxwals/virtualenv/inventory_test/3.10/lib/python3.10/site-packages/django/middleware/common.py", line 48, in process_request
    host = request.get_host()
  File "/home/ufdxwals/virtualenv/inventory_test/3.10/lib/python3.10/site-packages/django/http/request.py", line 202, in get_host
    raise DisallowedHost(msg)
django.core.exceptions.DisallowedHost: Invalid HTTP_HOST header: 'www.test.mohiit.org'. You may need to add 'www.test.mohiit.org' to ALLOWED_HOSTS.
ERROR 2025-12-20 03:49:06,798 log 3802222 139829926248960 Invalid HTTP_HOST header: 'www.test.mohiit.org'. You may need to add 'www.test.mohiit.org' to ALLOWED_HOSTS.
Traceback (most recent call last):
  File "/home/ufdxwals/virtualenv/inventory_test/3.10/lib/python3.10/site-packages/django/core/handlers/exception.py", line 55, in inner
    response = get_response(request)
  File "/home/ufdxwals/virtualenv/inventory_test/3.10/lib/python3.10/site-packages/django/utils/deprecation.py", line 119, in __call__
    response = self.process_request(request)
  File "/home/ufdxwals/virtualenv/inventory_test/3.10/lib/python3.10/site-packages/django/middleware/common.py", line 48, in process_request
    host = request.get_host()
  File "/home/ufdxwals/virtualenv/inventory_test/3.10/lib/python3.10/site-packages/django/http/request.py", line 202, in get_host
    raise DisallowedHost(msg)
django.core.exceptions.DisallowedHost: Invalid HTTP_HOST header: 'www.test.mohiit.org'. You may need to add 'www.test.mohiit.org' to ALLOWED_HOSTS.
ERROR 2025-12-20 03:49:11,127 log 3802222 139829926248960 Invalid HTTP_HOST header: 'www.test.mohiit.org'. You may need to add 'www.test.mohiit.org' to ALLOWED_HOSTS.
Traceback (most recent call last):
  File "/home/ufdxwals/virtualenv/inventory_test/3.10/lib/python3.10/site-packages/django/core/handlers/exception.py", line 55, in inner
    response = get_response(request)
  File "/home/ufdxwals/virtualenv/inventory_test/3.10/lib/python3.10/site-packages/django/utils/deprecation.py", line 119, in __call__
    response = self.process_request(request)
  File "/home/ufdxwals/virtualenv/inventory_test/3.10/lib/python3.10/site-packages/django/middleware/common.py", line 48, in process_request
    host = request.get_host()
  File "/home/ufdxwals/virtualenv/inventory_test/3.10/lib/python3.10/site-packages/django/http/request.py", line 202, in get_host
    raise DisallowedHost(msg)
django.core.exceptions.DisallowedHost: Invalid HTTP_HOST header: 'www.test.mohiit.org'. You may need to add 'www.test.mohiit.org' to ALLOWED_HOSTS.
ERROR 2025-12-21 07:01:53,503 log 2912944 140019464684032 Invalid HTTP_HOST header: 'www.test.mohiit.org'. You may need to add 'www.test.mohiit.org' to ALLOWED_HOSTS.
Traceback (most recent call last):
  File "/home/ufdxwals/virtualenv/inventory_test/3.10/lib/python3.10/site-packages/django/core/handlers/exception.py", line 55, in inner
    response = get_response(request)
  File "/home/ufdxwals/virtualenv/inventory_test/3.10/lib/python3.10/site-packages/django/utils/deprecation.py", line 119, in __call__
    response = self.process_request(request)
  File "/home/ufdxwals/virtualenv/inventory_test/3.10/lib/python3.10/site-packages/django/middleware/common.py", line 48, in process_request
    host = request.get_host()
  File "/home/ufdxwals/virtualenv/inventory_test/3.10/lib/python3.10/site-packages/django/http/request.py", line 202, in get_host
    raise DisallowedHost(msg)
django.core.exceptions.DisallowedHost: Invalid HTTP_HOST header: 'www.test.mohiit.org'. You may need to add 'www.test.mohiit.org' to ALLOWED_HOSTS.
ERROR 2025-12-21 14:28:26,978 log 1114246 140429483995648 Invalid HTTP_HOST header: 'www.test.mohiit.org'. You may need to add 'www.test.mohiit.org' to ALLOWED_HOSTS.
Traceback (most recent call last):
  File "/home/ufdxwals/virtualenv/inventory_test/3.10/lib/python3.10/site-packages/django/core/handlers/exception.py", line 55, in inner
    response = get_response(request)
  File "/home/ufdxwals/virtualenv/inventory_test/3.10/lib/python3.10/site-packages/django/utils/deprecation.py", line 119, in __call__
    response = self.process_request(request)
  File "/home/ufdxwals/virtualenv/inventory_test/3.10/lib/python3.10/site-packages/django/middleware/common.py", line 48, in process_request
    host = request.get_host()
  File "/home/ufdxwals/virtualenv/inventory_test/3.10/lib/python3.10/site-packages/django/http/request.py", line 202, in get_host
    raise DisallowedHost(msg)
django.core.exceptions.DisallowedHost: Invalid HTTP_HOST header: 'www.test.mohiit.org'. You may need to add 'www.test.mohiit.org' to ALLOWED_HOSTS.
ERROR 2025-12-21 14:28:27,502 log 1114246 140429483995648 Invalid HTTP_HOST header: 'www.test.mohiit.org'. You may need to add 'www.test.mohiit.org' to ALLOWED_HOSTS.
Traceback (most recent call last):
  File "/home/ufdxwals/virtualenv/inventory_test/3.10/lib/python3.10/site-packages/django/core/handlers/exception.py", line 55, in inner
    response = get_response(request)
  File "/home/ufdxwals/virtualenv/inventory_test/3.10/lib/python3.10/site-packages/django/utils/deprecation.py", line 119, in __call__
    response = self.process_request(request)
  File "/home/ufdxwals/virtualenv/inventory_test/3.10/lib/python3.10/site-packages/django/middleware/common.py", line 48, in process_request
    host = request.get_host()
  File "/home/ufdxwals/virtualenv/inventory_test/3.10/lib/python3.10/site-packages/django/http/request.py", line 202, in get_host
    raise DisallowedHost(msg)
django.core.exceptions.DisallowedHost: Invalid HTTP_HOST header: 'www.test.mohiit.org'. You may need to add 'www.test.mohiit.org' to ALLOWED_HOSTS.
ERROR 2025-12-22 04:39:08,867 log 1196840 140393808634368 Invalid HTTP_HOST header: 'www.test.mohiit.org'. You may need to add 'www.test.mohiit.org' to ALLOWED_HOSTS.
Traceback (most recent call last):
  File "/home/ufdxwals/virtualenv/inventory_test/3.10/lib/python3.10/site-packages/django/core/handlers/exception.py", line 55, in inner
    response = get_response(request)
  File "/home/ufdxwals/virtualenv/inventory_test/3.10/lib/python3.10/site-packages/django/utils/deprecation.py", line 119, in __call__
    response = self.process_request(request)
  File "/home/ufdxwals/virtualenv/inventory_test/3.10/lib/python3.10/site-packages/django/middleware/common.py", line 48, in process_request
    host = request.get_host()
  File "/home/ufdxwals/virtualenv/inventory_test/3.10/lib/python3.10/site-packages/django/http/request.py", line 202, in get_host
    raise DisallowedHost(msg)
django.core.exceptions.DisallowedHost: Invalid HTTP_HOST header: 'www.test.mohiit.org'. You may need to add 'www.test.mohiit.org' to ALLOWED_HOSTS.
ERROR 2025-12-23 05:58:02,397 log 3422912 140201869427200 Invalid HTTP_HOST header: 'www.test.mohiit.org'. You may need to add 'www.test.mohiit.org' to ALLOWED_HOSTS.
Traceback (most recent call last):
  File "/home/ufdxwals/virtualenv/inventory_test/3.10/lib/python3.10/site-packages/django/core/handlers/exception.py", line 55, in inner
    response = get_response(request)
  File "/home/ufdxwals/virtualenv/inventory_test/3.10/lib/python3.10/site-packages/django/utils/deprecation.py", line 119, in __call__
    response = self.process_request(request)
  File "/home/ufdxwals/virtualenv/inventory_test/3.10/lib/python3.10/site-packages/django/middleware/common.py", line 48, in process_request
    host = request.get_host()
  File "/home/ufdxwals/virtualenv/inventory_test/3.10/lib/python3.10/site-packages/django/http/request.py", line 202, in get_host
    raise DisallowedHost(msg)
django.core.exceptions.DisallowedHost: Invalid HTTP_HOST header: 'www.test.mohiit.org'. You may need to add 'www.test.mohiit.org' to ALLOWED_HOSTS.
ERROR 2025-12-23 16:45:55,701 log 1742591 139877488370176 Invalid HTTP_HOST header: 'www.test.mohiit.org'. You may need to add 'www.test.mohiit.org' to ALLOWED_HOSTS.
Traceback (most recent call last):
  File "/home/ufdxwals/virtualenv/inventory_test/3.10/lib/python3.10/site-packages/django/core/handlers/exception.py", line 55, in inner
    response = get_response(request)
  File "/home/ufdxwals/virtualenv/inventory_test/3.10/lib/python3.10/site-packages/django/utils/deprecation.py", line 119, in __call__
    response = self.process_request(request)
  File "/home/ufdxwals/virtualenv/inventory_test/3.10/lib/python3.10/site-packages/django/middleware/common.py", line 48, in process_request
    host = request.get_host()
  File "/home/ufdxwals/virtualenv/inventory_test/3.10/lib/python3.10/site-packages/django/http/request.py", line 202, in get_host
    raise DisallowedHost(msg)
django.core.exceptions.DisallowedHost: Invalid HTTP_HOST header: 'www.test.mohiit.org'. You may need to add 'www.test.mohiit.org' to ALLOWED_HOSTS.
ERROR 2025-12-23 17:26:56,184 log 3331437 140510601478656 Invalid HTTP_HOST header: 'www.test.mohiit.org'. You may need to add 'www.test.mohiit.org' to ALLOWED_HOSTS.
Traceback (most recent call last):
  File "/home/ufdxwals/virtualenv/inventory_test/3.10/lib/python3.10/site-packages/django/core/handlers/exception.py", line 55, in inner
    response = get_response(request)
  File "/home/ufdxwals/virtualenv/inventory_test/3.10/lib/python3.10/site-packages/django/utils/deprecation.py", line 119, in __call__
    response = self.process_request(request)
  File "/home/ufdxwals/virtualenv/inventory_test/3.10/lib/python3.10/site-packages/django/middleware/common.py", line 48, in process_request
    host = request.get_host()
  File "/home/ufdxwals/virtualenv/inventory_test/3.10/lib/python3.10/site-packages/django/http/request.py", line 202, in get_host
    raise DisallowedHost(msg)
django.core.exceptions.DisallowedHost: Invalid HTTP_HOST header: 'www.test.mohiit.org'. You may need to add 'www.test.mohiit.org' to ALLOWED_HOSTS.
ERROR 2025-12-23 18:45:12,207 log 1039507 140479102411264 Invalid HTTP_HOST header: 'www.test.mohiit.org'. You may need to add 'www.test.mohiit.org' to ALLOWED_HOSTS.
Traceback (most recent call last):
  File "/home/ufdxwals/virtualenv/inventory_test/3.10/lib/python3.10/site-packages/django/core/handlers/exception.py", line 55, in inner
    response = get_response(request)
  File "/home/ufdxwals/virtualenv/inventory_test/3.10/lib/python3.10/site-packages/django/utils/deprecation.py", line 119, in __call__
    response = self.process_request(request)
  File "/home/ufdxwals/virtualenv/inventory_test/3.10/lib/python3.10/site-packages/django/middleware/common.py", line 48, in process_request
    host = request.get_host()
  File "/home/ufdxwals/virtualenv/inventory_test/3.10/lib/python3.10/site-packages/django/http/request.py", line 202, in get_host
    raise DisallowedHost(msg)
django.core.exceptions.DisallowedHost: Invalid HTTP_HOST header: 'www.test.mohiit.org'. You may need to add 'www.test.mohiit.org' to ALLOWED_HOSTS.
ERROR 2025-12-23 21:05:59,906 log 503172 139709502272000 Invalid HTTP_HOST header: 'www.test.mohiit.org'. You may need to add 'www.test.mohiit.org' to ALLOWED_HOSTS.
Traceback (most recent call last):
  File "/home/ufdxwals/virtualenv/inventory_test/3.10/lib/python3.10/site-packages/django/core/handlers/exception.py", line 55, in inner
    response = get_response(request)
  File "/home/ufdxwals/virtualenv/inventory_test/3.10/lib/python3.10/site-packages/django/utils/deprecation.py", line 119, in __call__
    response = self.process_request(request)
  File "/home/ufdxwals/virtualenv/inventory_test/3.10/lib/python3.10/site-packages/django/middleware/common.py", line 48, in process_request
    host = request.get_host()
  File "/home/ufdxwals/virtualenv/inventory_test/3.10/lib/python3.10/site-packages/django/http/request.py", line 202, in get_host
    raise DisallowedHost(msg)
django.core.exceptions.DisallowedHost: Invalid HTTP_HOST header: 'www.test.mohiit.org'. You may need to add 'www.test.mohiit.org' to ALLOWED_HOSTS.
ERROR 2025-12-23 21:06:00,423 log 503172 139709502272000 Invalid HTTP_HOST header: 'www.test.mohiit.org'. You may need to add 'www.test.mohiit.org' to ALLOWED_HOSTS.
Traceback (most recent call last):
  File "/home/ufdxwals/virtualenv/inventory_test/3.10/lib/python3.10/site-packages/django/core/handlers/exception.py", line 55, in inner
    response = get_response(request)
  File "/home/ufdxwals/virtualenv/inventory_test/3.10/lib/python3.10/site-packages/django/utils/deprecation.py", line 119, in __call__
    response = self.process_request(request)
  File "/home/ufdxwals/virtualenv/inventory_test/3.10/lib/python3.10/site-packages/django/middleware/common.py", line 48, in process_request
    host = request.get_host()
  File "/home/ufdxwals/virtualenv/inventory_test/3.10/lib/python3.10/site-packages/django/http/request.py", line 202, in get_host
    raise DisallowedHost(msg)
django.core.exceptions.DisallowedHost: Invalid HTTP_HOST header: 'www.test.mohiit.org'. You may need to add 'www.test.mohiit.org' to ALLOWED_HOSTS.
ERROR 2025-12-24 17:33:25,662 log 1306929 140244586615296 Invalid HTTP_HOST header: 'www.test.mohiit.org'. You may need to add 'www.test.mohiit.org' to ALLOWED_HOSTS.
Traceback (most recent call last):
  File "/home/ufdxwals/virtualenv/inventory_test/3.10/lib/python3.10/site-packages/django/core/handlers/exception.py", line 55, in inner
    response = get_response(request)
  File "/home/ufdxwals/virtualenv/inventory_test/3.10/lib/python3.10/site-packages/django/utils/deprecation.py", line 119, in __call__
    response = self.process_request(request)
  File "/home/ufdxwals/virtualenv/inventory_test/3.10/lib/python3.10/site-packages/django/middleware/common.py", line 48, in process_request
    host = request.get_host()
  File "/home/ufdxwals/virtualenv/inventory_test/3.10/lib/python3.10/site-packages/django/http/request.py", line 202, in get_host
    raise DisallowedHost(msg)
django.core.exceptions.DisallowedHost: Invalid HTTP_HOST header: 'www.test.mohiit.org'. You may need to add 'www.test.mohiit.org' to ALLOWED_HOSTS.
ERROR 2025-12-25 15:52:01,275 log 4166115 140655286608384 Invalid HTTP_HOST header: 'www.test.mohiit.org'. You may need to add 'www.test.mohiit.org' to ALLOWED_HOSTS.
Traceback (most recent call last):
  File "/home/ufdxwals/virtualenv/inventory_test/3.10/lib/python3.10/site-packages/django/core/handlers/exception.py", line 55, in inner
    response = get_response(request)
  File "/home/ufdxwals/virtualenv/inventory_test/3.10/lib/python3.10/site-packages/django/utils/deprecation.py", line 119, in __call__
    response = self.process_request(request)
  File "/home/ufdxwals/virtualenv/inventory_test/3.10/lib/python3.10/site-packages/django/middleware/common.py", line 48, in process_request
    host = request.get_host()
  File "/home/ufdxwals/virtualenv/inventory_test/3.10/lib/python3.10/site-packages/django/http/request.py", line 202, in get_host
    raise DisallowedHost(msg)
django.core.exceptions.DisallowedHost: Invalid HTTP_HOST header: 'www.test.mohiit.org'. You may need to add 'www.test.mohiit.org' to ALLOWED_HOSTS.
ERROR 2025-12-25 15:52:01,520 log 4166115 140655286608384 Invalid HTTP_HOST header: 'www.test.mohiit.org'. You may need to add 'www.test.mohiit.org' to ALLOWED_HOSTS.
Traceback (most recent call last):
  File "/home/ufdxwals/virtualenv/inventory_test/3.10/lib/python3.10/site-packages/django/core/handlers/exception.py", line 55, in inner
    response = get_response(request)
  File "/home/ufdxwals/virtualenv/inventory_test/3.10/lib/python3.10/site-packages/django/utils/deprecation.py", line 119, in __call__
    response = self.process_request(request)
  File "/home/ufdxwals/virtualenv/inventory_test/3.10/lib/python3.10/site-packages/django/middleware/common.py", line 48, in process_request
    host = request.get_host()
  File "/home/ufdxwals/virtualenv/inventory_test/3.10/lib/python3.10/site-packages/django/http/request.py", line 202, in get_host
    raise DisallowedHost(msg)
django.core.exceptions.DisallowedHost: Invalid HTTP_HOST header: 'www.test.mohiit.org'. You may need to add 'www.test.mohiit.org' to ALLOWED_HOSTS.
ERROR 2025-12-25 20:15:28,642 log 1859921 140211226931712 Invalid HTTP_HOST header: 'www.test.mohiit.org'. You may need to add 'www.test.mohiit.org' to ALLOWED_HOSTS.
Traceback (most recent call last):
  File "/home/ufdxwals/virtualenv/inventory_test/3.10/lib/python3.10/site-packages/django/core/handlers/exception.py", line 55, in inner
    response = get_response(request)
  File "/home/ufdxwals/virtualenv/inventory_test/3.10/lib/python3.10/site-packages/django/utils/deprecation.py", line 119, in __call__
    response = self.process_request(request)
  File "/home/ufdxwals/virtualenv/inventory_test/3.10/lib/python3.10/site-packages/django/middleware/common.py", line 48, in process_request
    host = request.get_host()
  File "/home/ufdxwals/virtualenv/inventory_test/3.10/lib/python3.10/site-packages/django/http/request.py", line 202, in get_host
    raise DisallowedHost(msg)
django.core.exceptions.DisallowedHost: Invalid HTTP_HOST header: 'www.test.mohiit.org'. You may need to add 'www.test.mohiit.org' to ALLOWED_HOSTS.
ERROR 2025-12-26 11:56:24,871 log 2026227 139943571563008 Invalid HTTP_HOST header: 'www.test.mohiit.org'. You may need to add 'www.test.mohiit.org' to ALLOWED_HOSTS.
Traceback (most recent call last):
  File "/home/ufdxwals/virtualenv/inventory_test/3.10/lib/python3.10/site-packages/django/core/handlers/exception.py", line 55, in inner
    response = get_response(request)
  File "/home/ufdxwals/virtualenv/inventory_test/3.10/lib/python3.10/site-packages/django/utils/deprecation.py", line 119, in __call__
    response = self.process_request(request)
  File "/home/ufdxwals/virtualenv/inventory_test/3.10/lib/python3.10/site-packages/django/middleware/common.py", line 48, in process_request
    host = request.get_host()
  File "/home/ufdxwals/virtualenv/inventory_test/3.10/lib/python3.10/site-packages/django/http/request.py", line 202, in get_host
    raise DisallowedHost(msg)
django.core.exceptions.DisallowedHost: Invalid HTTP_HOST header: 'www.test.mohiit.org'. You may need to add 'www.test.mohiit.org' to ALLOWED_HOSTS.
ERROR 2025-12-26 20:22:21,907 log 3719645 140264169251328 Invalid HTTP_HOST header: 'www.test.mohiit.org'. You may need to add 'www.test.mohiit.org' to ALLOWED_HOSTS.
Traceback (most recent call last):
  File "/home/ufdxwals/virtualenv/inventory_test/3.10/lib/python3.10/site-packages/django/core/handlers/exception.py", line 55, in inner
    response = get_response(request)
  File "/home/ufdxwals/virtualenv/inventory_test/3.10/lib/python3.10/site-packages/django/utils/deprecation.py", line 119, in __call__
    response = self.process_request(request)
  File "/home/ufdxwals/virtualenv/inventory_test/3.10/lib/python3.10/site-packages/django/middleware/common.py", line 48, in process_request
    host = request.get_host()
  File "/home/ufdxwals/virtualenv/inventory_test/3.10/lib/python3.10/site-packages/django/http/request.py", line 202, in get_host
    raise DisallowedHost(msg)
django.core.exceptions.DisallowedHost: Invalid HTTP_HOST header: 'www.test.mohiit.org'. You may need to add 'www.test.mohiit.org' to ALLOWED_HOSTS.
ERROR 2025-12-27 09:38:37,695 log 3383047 140344551035392 Invalid HTTP_HOST header: 'www.test.mohiit.org'. You may need to add 'www.test.mohiit.org' to ALLOWED_HOSTS.
Traceback (most recent call last):
  File "/home/ufdxwals/virtualenv/inventory_test/3.10/lib/python3.10/site-packages/django/core/handlers/exception.py", line 55, in inner
    response = get_response(request)
  File "/home/ufdxwals/virtualenv/inventory_test/3.10/lib/python3.10/site-packages/django/utils/deprecation.py", line 119, in __call__
    response = self.process_request(request)
  File "/home/ufdxwals/virtualenv/inventory_test/3.10/lib/python3.10/site-packages/django/middleware/common.py", line 48, in process_request
    host = request.get_host()
  File "/home/ufdxwals/virtualenv/inventory_test/3.10/lib/python3.10/site-packages/django/http/request.py", line 202, in get_host
    raise DisallowedHost(msg)
django.core.exceptions.DisallowedHost: Invalid HTTP_HOST header: 'www.test.mohiit.org'. You may need to add 'www.test.mohiit.org' to ALLOWED_HOSTS.
ERROR 2025-12-27 09:38:38,211 log 3383047 140344551035392 Invalid HTTP_HOST header: 'www.test.mohiit.org'. You may need to add 'www.test.mohiit.org' to ALLOWED_HOSTS.
Traceback (most recent call last):
  File "/home/ufdxwals/virtualenv/inventory_test/3.10/lib/python3.10/site-packages/django/core/handlers/exception.py", line 55, in inner
    response = get_response(request)
  File "/home/ufdxwals/virtualenv/inventory_test/3.10/lib/python3.10/site-packages/django/utils/deprecation.py", line 119, in __call__
    response = self.process_request(request)
  File "/home/ufdxwals/virtualenv/inventory_test/3.10/lib/python3.10/site-packages/django/middleware/common.py", line 48, in process_request
    host = request.get_host()
  File "/home/ufdxwals/virtualenv/inventory_test/3.10/lib/python3.10/site-packages/django/http/request.py", line 202, in get_host
    raise DisallowedHost(msg)
django.core.exceptions.DisallowedHost: Invalid HTTP_HOST header: 'www.test.mohiit.org'. You may need to add 'www.test.mohiit.org' to ALLOWED_HOSTS.
ERROR 2025-12-27 10:40:38,931 log 3591432 140005929742848 Invalid HTTP_HOST header: 'www.test.mohiit.org'. You may need to add 'www.test.mohiit.org' to ALLOWED_HOSTS.
Traceback (most recent call last):
  File "/home/ufdxwals/virtualenv/inventory_test/3.10/lib/python3.10/site-packages/django/core/handlers/exception.py", line 55, in inner
    response = get_response(request)
  File "/home/ufdxwals/virtualenv/inventory_test/3.10/lib/python3.10/site-packages/django/utils/deprecation.py", line 119, in __call__
    response = self.process_request(request)
  File "/home/ufdxwals/virtualenv/inventory_test/3.10/lib/python3.10/site-packages/django/middleware/common.py", line 48, in process_request
    host = request.get_host()
  File "/home/ufdxwals/virtualenv/inventory_test/3.10/lib/python3.10/site-packages/django/http/request.py", line 202, in get_host
    raise DisallowedHost(msg)
django.core.exceptions.DisallowedHost: Invalid HTTP_HOST header: 'www.test.mohiit.org'. You may need to add 'www.test.mohiit.org' to ALLOWED_HOSTS.
ERROR 2025-12-27 10:48:12,680 log 3616995 140005929742848 Invalid HTTP_HOST header: 'www.test.mohiit.org'. You may need to add 'www.test.mohiit.org' to ALLOWED_HOSTS.
Traceback (most recent call last):
  File "/home/ufdxwals/virtualenv/inventory_test/3.10/lib/python3.10/site-packages/django/core/handlers/exception.py", line 55, in inner
    response = get_response(request)
  File "/home/ufdxwals/virtualenv/inventory_test/3.10/lib/python3.10/site-packages/django/utils/deprecation.py", line 119, in __call__
    response = self.process_request(request)
  File "/home/ufdxwals/virtualenv/inventory_test/3.10/lib/python3.10/site-packages/django/middleware/common.py", line 48, in process_request
    host = request.get_host()
  File "/home/ufdxwals/virtualenv/inventory_test/3.10/lib/python3.10/site-packages/django/http/request.py", line 202, in get_host
    raise DisallowedHost(msg)
django.core.exceptions.DisallowedHost: Invalid HTTP_HOST header: 'www.test.mohiit.org'. You may need to add 'www.test.mohiit.org' to ALLOWED_HOSTS.
ERROR 2025-12-27 11:52:26,905 log 3821401 140269380399616 Invalid HTTP_HOST header: 'www.test.mohiit.org'. You may need to add 'www.test.mohiit.org' to ALLOWED_HOSTS.
Traceback (most recent call last):
  File "/home/ufdxwals/virtualenv/inventory_test/3.10/lib/python3.10/site-packages/django/core/handlers/exception.py", line 55, in inner
    response = get_response(request)
  File "/home/ufdxwals/virtualenv/inventory_test/3.10/lib/python3.10/site-packages/django/utils/deprecation.py", line 119, in __call__
    response = self.process_request(request)
  File "/home/ufdxwals/virtualenv/inventory_test/3.10/lib/python3.10/site-packages/django/middleware/common.py", line 48, in process_request
    host = request.get_host()
  File "/home/ufdxwals/virtualenv/inventory_test/3.10/lib/python3.10/site-packages/django/http/request.py", line 202, in get_host
    raise DisallowedHost(msg)
django.core.exceptions.DisallowedHost: Invalid HTTP_HOST header: 'www.test.mohiit.org'. You may need to add 'www.test.mohiit.org' to ALLOWED_HOSTS.
ERROR 2025-12-28 07:57:58,169 log 765106 139699628171776 Invalid HTTP_HOST header: 'www.test.mohiit.org'. You may need to add 'www.test.mohiit.org' to ALLOWED_HOSTS.
Traceback (most recent call last):
  File "/home/ufdxwals/virtualenv/inventory_test/3.10/lib/python3.10/site-packages/django/core/handlers/exception.py", line 55, in inner
    response = get_response(request)
  File "/home/ufdxwals/virtualenv/inventory_test/3.10/lib/python3.10/site-packages/django/utils/deprecation.py", line 119, in __call__
    response = self.process_request(request)
  File "/home/ufdxwals/virtualenv/inventory_test/3.10/lib/python3.10/site-packages/django/middleware/common.py", line 48, in process_request
    host = request.get_host()
  File "/home/ufdxwals/virtualenv/inventory_test/3.10/lib/python3.10/site-packages/django/http/request.py", line 202, in get_host
    raise DisallowedHost(msg)
django.core.exceptions.DisallowedHost: Invalid HTTP_HOST header: 'www.test.mohiit.org'. You may need to add 'www.test.mohiit.org' to ALLOWED_HOSTS.
ERROR 2025-12-28 08:49:22,398 log 942742 139912163893760 Invalid HTTP_HOST header: 'www.test.mohiit.org'. You may need to add 'www.test.mohiit.org' to ALLOWED_HOSTS.
Traceback (most recent call last):
  File "/home/ufdxwals/virtualenv/inventory_test/3.10/lib/python3.10/site-packages/django/core/handlers/exception.py", line 55, in inner
    response = get_response(request)
  File "/home/ufdxwals/virtualenv/inventory_test/3.10/lib/python3.10/site-packages/django/utils/deprecation.py", line 119, in __call__
    response = self.process_request(request)
  File "/home/ufdxwals/virtualenv/inventory_test/3.10/lib/python3.10/site-packages/django/middleware/common.py", line 48, in process_request
    host = request.get_host()
  File "/home/ufdxwals/virtualenv/inventory_test/3.10/lib/python3.10/site-packages/django/http/request.py", line 202, in get_host
    raise DisallowedHost(msg)
django.core.exceptions.DisallowedHost: Invalid HTTP_HOST header: 'www.test.mohiit.org'. You may need to add 'www.test.mohiit.org' to ALLOWED_HOSTS.
ERROR 2025-12-29 00:16:59,356 log 641533 139981605818880 Invalid HTTP_HOST header: 'www.test.mohiit.org'. You may need to add 'www.test.mohiit.org' to ALLOWED_HOSTS.
Traceback (most recent call last):
  File "/home/ufdxwals/virtualenv/inventory_test/3.10/lib/python3.10/site-packages/django/core/handlers/exception.py", line 55, in inner
    response = get_response(request)
  File "/home/ufdxwals/virtualenv/inventory_test/3.10/lib/python3.10/site-packages/django/utils/deprecation.py", line 119, in __call__
    response = self.process_request(request)
  File "/home/ufdxwals/virtualenv/inventory_test/3.10/lib/python3.10/site-packages/django/middleware/common.py", line 48, in process_request
    host = request.get_host()
  File "/home/ufdxwals/virtualenv/inventory_test/3.10/lib/python3.10/site-packages/django/http/request.py", line 202, in get_host
    raise DisallowedHost(msg)
django.core.exceptions.DisallowedHost: Invalid HTTP_HOST header: 'www.test.mohiit.org'. You may need to add 'www.test.mohiit.org' to ALLOWED_HOSTS.
ERROR 2025-12-30 22:06:45,020 log 123275 139630365745664 Invalid HTTP_HOST header: 'www.test.mohiit.org'. You may need to add 'www.test.mohiit.org' to ALLOWED_HOSTS.
Traceback (most recent call last):
  File "/home/ufdxwals/virtualenv/inventory_test/3.10/lib/python3.10/site-packages/django/core/handlers/exception.py", line 55, in inner
    response = get_response(request)
  File "/home/ufdxwals/virtualenv/inventory_test/3.10/lib/python3.10/site-packages/django/utils/deprecation.py", line 119, in __call__
    response = self.process_request(request)
  File "/home/ufdxwals/virtualenv/inventory_test/3.10/lib/python3.10/site-packages/django/middleware/common.py", line 48, in process_request
    host = request.get_host()
  File "/home/ufdxwals/virtualenv/inventory_test/3.10/lib/python3.10/site-packages/django/http/request.py", line 202, in get_host
    raise DisallowedHost(msg)
django.core.exceptions.DisallowedHost: Invalid HTTP_HOST header: 'www.test.mohiit.org'. You may need to add 'www.test.mohiit.org' to ALLOWED_HOSTS.
ERROR 2025-12-31 00:51:02,117 log 697853 140245671985664 Invalid HTTP_HOST header: 'www.test.mohiit.org'. You may need to add 'www.test.mohiit.org' to ALLOWED_HOSTS.
Traceback (most recent call last):
  File "/home/ufdxwals/virtualenv/inventory_test/3.10/lib/python3.10/site-packages/django/core/handlers/exception.py", line 55, in inner
    response = get_response(request)
  File "/home/ufdxwals/virtualenv/inventory_test/3.10/lib/python3.10/site-packages/django/utils/deprecation.py", line 119, in __call__
    response = self.process_request(request)
  File "/home/ufdxwals/virtualenv/inventory_test/3.10/lib/python3.10/site-packages/django/middleware/common.py", line 48, in process_request
    host = request.get_host()
  File "/home/ufdxwals/virtualenv/inventory_test/3.10/lib/python3.10/site-packages/django/http/request.py", line 202, in get_host
    raise DisallowedHost(msg)
django.core.exceptions.DisallowedHost: Invalid HTTP_HOST header: 'www.test.mohiit.org'. You may need to add 'www.test.mohiit.org' to ALLOWED_HOSTS.
ERROR 2025-12-31 12:43:29,199 log 3034641 140608121610752 Invalid HTTP_HOST header: 'www.test.mohiit.org'. You may need to add 'www.test.mohiit.org' to ALLOWED_HOSTS.
Traceback (most recent call last):
  File "/home/ufdxwals/virtualenv/inventory_test/3.10/lib/python3.10/site-packages/django/core/handlers/exception.py", line 55, in inner
    response = get_response(request)
  File "/home/ufdxwals/virtualenv/inventory_test/3.10/lib/python3.10/site-packages/django/utils/deprecation.py", line 119, in __call__
    response = self.process_request(request)
  File "/home/ufdxwals/virtualenv/inventory_test/3.10/lib/python3.10/site-packages/django/middleware/common.py", line 48, in process_request
    host = request.get_host()
  File "/home/ufdxwals/virtualenv/inventory_test/3.10/lib/python3.10/site-packages/django/http/request.py", line 202, in get_host
    raise DisallowedHost(msg)
django.core.exceptions.DisallowedHost: Invalid HTTP_HOST header: 'www.test.mohiit.org'. You may need to add 'www.test.mohiit.org' to ALLOWED_HOSTS.
ERROR 2025-12-31 14:39:49,903 log 88866 140085409841664 Invalid HTTP_HOST header: 'www.test.mohiit.org'. You may need to add 'www.test.mohiit.org' to ALLOWED_HOSTS.
Traceback (most recent call last):
  File "/home/ufdxwals/virtualenv/inventory_test/3.10/lib/python3.10/site-packages/django/core/handlers/exception.py", line 55, in inner
    response = get_response(request)
  File "/home/ufdxwals/virtualenv/inventory_test/3.10/lib/python3.10/site-packages/django/utils/deprecation.py", line 119, in __call__
    response = self.process_request(request)
  File "/home/ufdxwals/virtualenv/inventory_test/3.10/lib/python3.10/site-packages/django/middleware/common.py", line 48, in process_request
    host = request.get_host()
  File "/home/ufdxwals/virtualenv/inventory_test/3.10/lib/python3.10/site-packages/django/http/request.py", line 202, in get_host
    raise DisallowedHost(msg)
django.core.exceptions.DisallowedHost: Invalid HTTP_HOST header: 'www.test.mohiit.org'. You may need to add 'www.test.mohiit.org' to ALLOWED_HOSTS.
ERROR 2026-01-01 16:32:53,694 log 515519 140009207489024 Invalid HTTP_HOST header: 'www.test.mohiit.org'. You may need to add 'www.test.mohiit.org' to ALLOWED_HOSTS.
Traceback (most recent call last):
  File "/home/ufdxwals/virtualenv/inventory_test/3.10/lib/python3.10/site-packages/django/core/handlers/exception.py", line 55, in inner
    response = get_response(request)
  File "/home/ufdxwals/virtualenv/inventory_test/3.10/lib/python3.10/site-packages/django/utils/deprecation.py", line 119, in __call__
    response = self.process_request(request)
  File "/home/ufdxwals/virtualenv/inventory_test/3.10/lib/python3.10/site-packages/django/middleware/common.py", line 48, in process_request
    host = request.get_host()
  File "/home/ufdxwals/virtualenv/inventory_test/3.10/lib/python3.10/site-packages/django/http/request.py", line 202, in get_host
    raise DisallowedHost(msg)
django.core.exceptions.DisallowedHost: Invalid HTTP_HOST header: 'www.test.mohiit.org'. You may need to add 'www.test.mohiit.org' to ALLOWED_HOSTS.
ERROR 2026-01-01 16:32:54,227 log 515519 140009207489024 Invalid HTTP_HOST header: 'www.test.mohiit.org'. You may need to add 'www.test.mohiit.org' to ALLOWED_HOSTS.
Traceback (most recent call last):
  File "/home/ufdxwals/virtualenv/inventory_test/3.10/lib/python3.10/site-packages/django/core/handlers/exception.py", line 55, in inner
    response = get_response(request)
  File "/home/ufdxwals/virtualenv/inventory_test/3.10/lib/python3.10/site-packages/django/utils/deprecation.py", line 119, in __call__
    response = self.process_request(request)
  File "/home/ufdxwals/virtualenv/inventory_test/3.10/lib/python3.10/site-packages/django/middleware/common.py", line 48, in process_request
    host = request.get_host()
  File "/home/ufdxwals/virtualenv/inventory_test/3.10/lib/python3.10/site-packages/django/http/request.py", line 202, in get_host
    raise DisallowedHost(msg)
django.core.exceptions.DisallowedHost: Invalid HTTP_HOST header: 'www.test.mohiit.org'. You may need to add 'www.test.mohiit.org' to ALLOWED_HOSTS.
ERROR 2026-01-01 18:00:31,101 log 2565243 140281107526144 Invalid HTTP_HOST header: 'www.test.mohiit.org'. You may need to add 'www.test.mohiit.org' to ALLOWED_HOSTS.
Traceback (most recent call last):
  File "/home/ufdxwals/virtualenv/inventory_test/3.10/lib/python3.10/site-packages/django/core/handlers/exception.py", line 55, in inner
    response = get_response(request)
  File "/home/ufdxwals/virtualenv/inventory_test/3.10/lib/python3.10/site-packages/django/utils/deprecation.py", line 119, in __call__
    response = self.process_request(request)
  File "/home/ufdxwals/virtualenv/inventory_test/3.10/lib/python3.10/site-packages/django/middleware/common.py", line 48, in process_request
    host = request.get_host()
  File "/home/ufdxwals/virtualenv/inventory_test/3.10/lib/python3.10/site-packages/django/http/request.py", line 202, in get_host
    raise DisallowedHost(msg)
django.core.exceptions.DisallowedHost: Invalid HTTP_HOST header: 'www.test.mohiit.org'. You may need to add 'www.test.mohiit.org' to ALLOWED_HOSTS.
ERROR 2026-01-01 18:00:32,041 log 2565640 140281107526144 Invalid HTTP_HOST header: 'www.test.mohiit.org'. You may need to add 'www.test.mohiit.org' to ALLOWED_HOSTS.
Traceback (most recent call last):
  File "/home/ufdxwals/virtualenv/inventory_test/3.10/lib/python3.10/site-packages/django/core/handlers/exception.py", line 55, in inner
    response = get_response(request)
  File "/home/ufdxwals/virtualenv/inventory_test/3.10/lib/python3.10/site-packages/django/utils/deprecation.py", line 119, in __call__
    response = self.process_request(request)
  File "/home/ufdxwals/virtualenv/inventory_test/3.10/lib/python3.10/site-packages/django/middleware/common.py", line 48, in process_request
    host = request.get_host()
  File "/home/ufdxwals/virtualenv/inventory_test/3.10/lib/python3.10/site-packages/django/http/request.py", line 202, in get_host
    raise DisallowedHost(msg)
django.core.exceptions.DisallowedHost: Invalid HTTP_HOST header: 'www.test.mohiit.org'. You may need to add 'www.test.mohiit.org' to ALLOWED_HOSTS.
ERROR 2026-01-02 11:46:03,394 log 2339799 139861324820992 Invalid HTTP_HOST header: 'www.test.mohiit.org'. You may need to add 'www.test.mohiit.org' to ALLOWED_HOSTS.
Traceback (most recent call last):
  File "/home/ufdxwals/virtualenv/inventory_test/3.10/lib/python3.10/site-packages/django/core/handlers/exception.py", line 55, in inner
    response = get_response(request)
  File "/home/ufdxwals/virtualenv/inventory_test/3.10/lib/python3.10/site-packages/django/utils/deprecation.py", line 119, in __call__
    response = self.process_request(request)
  File "/home/ufdxwals/virtualenv/inventory_test/3.10/lib/python3.10/site-packages/django/middleware/common.py", line 48, in process_request
    host = request.get_host()
  File "/home/ufdxwals/virtualenv/inventory_test/3.10/lib/python3.10/site-packages/django/http/request.py", line 202, in get_host
    raise DisallowedHost(msg)
django.core.exceptions.DisallowedHost: Invalid HTTP_HOST header: 'www.test.mohiit.org'. You may need to add 'www.test.mohiit.org' to ALLOWED_HOSTS.
ERROR 2026-01-02 17:38:28,584 log 3602951 139980580123136 Invalid HTTP_HOST header: 'www.test.mohiit.org'. You may need to add 'www.test.mohiit.org' to ALLOWED_HOSTS.
Traceback (most recent call last):
  File "/home/ufdxwals/virtualenv/inventory_test/3.10/lib/python3.10/site-packages/django/core/handlers/exception.py", line 55, in inner
    response = get_response(request)
  File "/home/ufdxwals/virtualenv/inventory_test/3.10/lib/python3.10/site-packages/django/utils/deprecation.py", line 119, in __call__
    response = self.process_request(request)
  File "/home/ufdxwals/virtualenv/inventory_test/3.10/lib/python3.10/site-packages/django/middleware/common.py", line 48, in process_request
    host = request.get_host()
  File "/home/ufdxwals/virtualenv/inventory_test/3.10/lib/python3.10/site-packages/django/http/request.py", line 202, in get_host
    raise DisallowedHost(msg)
django.core.exceptions.DisallowedHost: Invalid HTTP_HOST header: 'www.test.mohiit.org'. You may need to add 'www.test.mohiit.org' to ALLOWED_HOSTS.
ERROR 2026-01-02 23:44:23,661 log 1335490 140332187865600 Invalid HTTP_HOST header: 'www.test.mohiit.org'. You may need to add 'www.test.mohiit.org' to ALLOWED_HOSTS.
Traceback (most recent call last):
  File "/home/ufdxwals/virtualenv/inventory_test/3.10/lib/python3.10/site-packages/django/core/handlers/exception.py", line 55, in inner
    response = get_response(request)
  File "/home/ufdxwals/virtualenv/inventory_test/3.10/lib/python3.10/site-packages/django/utils/deprecation.py", line 119, in __call__
    response = self.process_request(request)
  File "/home/ufdxwals/virtualenv/inventory_test/3.10/lib/python3.10/site-packages/django/middleware/common.py", line 48, in process_request
    host = request.get_host()
  File "/home/ufdxwals/virtualenv/inventory_test/3.10/lib/python3.10/site-packages/django/http/request.py", line 202, in get_host
    raise DisallowedHost(msg)
django.core.exceptions.DisallowedHost: Invalid HTTP_HOST header: 'www.test.mohiit.org'. You may need to add 'www.test.mohiit.org' to ALLOWED_HOSTS.
ERROR 2026-01-03 02:01:31,250 log 1836158 140680858829312 Invalid HTTP_HOST header: 'www.test.mohiit.org'. You may need to add 'www.test.mohiit.org' to ALLOWED_HOSTS.
Traceback (most recent call last):
  File "/home/ufdxwals/virtualenv/inventory_test/3.10/lib/python3.10/site-packages/django/core/handlers/exception.py", line 55, in inner
    response = get_response(request)
  File "/home/ufdxwals/virtualenv/inventory_test/3.10/lib/python3.10/site-packages/django/utils/deprecation.py", line 119, in __call__
    response = self.process_request(request)
  File "/home/ufdxwals/virtualenv/inventory_test/3.10/lib/python3.10/site-packages/django/middleware/common.py", line 48, in process_request
    host = request.get_host()
  File "/home/ufdxwals/virtualenv/inventory_test/3.10/lib/python3.10/site-packages/django/http/request.py", line 202, in get_host
    raise DisallowedHost(msg)
django.core.exceptions.DisallowedHost: Invalid HTTP_HOST header: 'www.test.mohiit.org'. You may need to add 'www.test.mohiit.org' to ALLOWED_HOSTS.
ERROR 2026-01-03 02:35:58,704 log 1954563 140397468570112 Invalid HTTP_HOST header: 'www.test.mohiit.org'. You may need to add 'www.test.mohiit.org' to ALLOWED_HOSTS.
Traceback (most recent call last):
  File "/home/ufdxwals/virtualenv/inventory_test/3.10/lib/python3.10/site-packages/django/core/handlers/exception.py", line 55, in inner
    response = get_response(request)
  File "/home/ufdxwals/virtualenv/inventory_test/3.10/lib/python3.10/site-packages/django/utils/deprecation.py", line 119, in __call__
    response = self.process_request(request)
  File "/home/ufdxwals/virtualenv/inventory_test/3.10/lib/python3.10/site-packages/django/middleware/common.py", line 48, in process_request
    host = request.get_host()
  File "/home/ufdxwals/virtualenv/inventory_test/3.10/lib/python3.10/site-packages/django/http/request.py", line 202, in get_host
    raise DisallowedHost(msg)
django.core.exceptions.DisallowedHost: Invalid HTTP_HOST header: 'www.test.mohiit.org'. You may need to add 'www.test.mohiit.org' to ALLOWED_HOSTS.
ERROR 2026-01-04 13:57:06,197 log 1739560 140626957476352 Invalid HTTP_HOST header: 'www.test.mohiit.org'. You may need to add 'www.test.mohiit.org' to ALLOWED_HOSTS.
Traceback (most recent call last):
  File "/home/ufdxwals/virtualenv/inventory_test/3.10/lib/python3.10/site-packages/django/core/handlers/exception.py", line 55, in inner
    response = get_response(request)
  File "/home/ufdxwals/virtualenv/inventory_test/3.10/lib/python3.10/site-packages/django/utils/deprecation.py", line 119, in __call__
    response = self.process_request(request)
  File "/home/ufdxwals/virtualenv/inventory_test/3.10/lib/python3.10/site-packages/django/middleware/common.py", line 48, in process_request
    host = request.get_host()
  File "/home/ufdxwals/virtualenv/inventory_test/3.10/lib/python3.10/site-packages/django/http/request.py", line 202, in get_host
    raise DisallowedHost(msg)
django.core.exceptions.DisallowedHost: Invalid HTTP_HOST header: 'www.test.mohiit.org'. You may need to add 'www.test.mohiit.org' to ALLOWED_HOSTS.
ERROR 2026-01-04 13:57:06,936 log 1739577 140626957476352 Invalid HTTP_HOST header: 'www.test.mohiit.org'. You may need to add 'www.test.mohiit.org' to ALLOWED_HOSTS.
Traceback (most recent call last):
  File "/home/ufdxwals/virtualenv/inventory_test/3.10/lib/python3.10/site-packages/django/core/handlers/exception.py", line 55, in inner
    response = get_response(request)
  File "/home/ufdxwals/virtualenv/inventory_test/3.10/lib/python3.10/site-packages/django/utils/deprecation.py", line 119, in __call__
    response = self.process_request(request)
  File "/home/ufdxwals/virtualenv/inventory_test/3.10/lib/python3.10/site-packages/django/middleware/common.py", line 48, in process_request
    host = request.get_host()
  File "/home/ufdxwals/virtualenv/inventory_test/3.10/lib/python3.10/site-packages/django/http/request.py", line 202, in get_host
    raise DisallowedHost(msg)
django.core.exceptions.DisallowedHost: Invalid HTTP_HOST header: 'www.test.mohiit.org'. You may need to add 'www.test.mohiit.org' to ALLOWED_HOSTS.
ERROR 2026-01-05 09:06:46,749 log 2406480 140328747168256 Internal Server Error: /user/update/24/
Traceback (most recent call last):
  File "/home/ufdxwals/virtualenv/inventory_test/3.10/lib/python3.10/site-packages/django/db/models/fields/__init__.py", line 2128, in get_prep_value
    return int(value)
ValueError: invalid literal for int() with base 10: ''

The above exception was the direct cause of the following exception:

Traceback (most recent call last):
  File "/home/ufdxwals/virtualenv/inventory_test/3.10/lib/python3.10/site-packages/django/core/handlers/exception.py", line 55, in inner
    response = get_response(request)
  File "/home/ufdxwals/virtualenv/inventory_test/3.10/lib/python3.10/site-packages/django/core/handlers/base.py", line 197, in _get_response
    response = wrapped_callback(request, *callback_args, **callback_kwargs)
  File "/home/ufdxwals/virtualenv/inventory_test/3.10/lib/python3.10/site-packages/django/contrib/auth/decorators.py", line 59, in _view_wrapper
    return view_func(request, *args, **kwargs)
  File "/home/ufdxwals/virtualenv/inventory_test/3.10/lib/python3.10/site-packages/django/contrib/auth/decorators.py", line 59, in _view_wrapper
    return view_func(request, *args, **kwargs)
  File "/home/ufdxwals/inventory_test/devices/views/general_views.py", line 1970, in user_update
    user.groups.set(groups)
  File "/home/ufdxwals/virtualenv/inventory_test/3.10/lib/python3.10/site-packages/django/db/models/fields/related_descriptors.py", line 1347, in set
    else self.target_field.get_prep_value(obj)
  File "/home/ufdxwals/virtualenv/inventory_test/3.10/lib/python3.10/site-packages/django/db/models/fields/related.py", line 1196, in get_prep_value
    return self.target_field.get_prep_value(value)
  File "/home/ufdxwals/virtualenv/inventory_test/3.10/lib/python3.10/site-packages/django/db/models/fields/__init__.py", line 2130, in get_prep_value
    raise e.__class__(
ValueError: Field 'id' expected a number but got ''.
ERROR 2026-01-07 08:24:01,011 log 2043667 140687156118016 Invalid HTTP_HOST header: 'www.test.mohiit.org'. You may need to add 'www.test.mohiit.org' to ALLOWED_HOSTS.
Traceback (most recent call last):
  File "/home/ufdxwals/virtualenv/inventory_test/3.10/lib/python3.10/site-packages/django/core/handlers/exception.py", line 55, in inner
    response = get_response(request)
  File "/home/ufdxwals/virtualenv/inventory_test/3.10/lib/python3.10/site-packages/django/utils/deprecation.py", line 119, in __call__
    response = self.process_request(request)
  File "/home/ufdxwals/virtualenv/inventory_test/3.10/lib/python3.10/site-packages/django/middleware/common.py", line 48, in process_request
    host = request.get_host()
  File "/home/ufdxwals/virtualenv/inventory_test/3.10/lib/python3.10/site-packages/django/http/request.py", line 202, in get_host
    raise DisallowedHost(msg)
django.core.exceptions.DisallowedHost: Invalid HTTP_HOST header: 'www.test.mohiit.org'. You may need to add 'www.test.mohiit.org' to ALLOWED_HOSTS.
ERROR 2026-01-07 08:24:01,643 log 2043681 140687156118016 Invalid HTTP_HOST header: 'www.test.mohiit.org'. You may need to add 'www.test.mohiit.org' to ALLOWED_HOSTS.
Traceback (most recent call last):
  File "/home/ufdxwals/virtualenv/inventory_test/3.10/lib/python3.10/site-packages/django/core/handlers/exception.py", line 55, in inner
    response = get_response(request)
  File "/home/ufdxwals/virtualenv/inventory_test/3.10/lib/python3.10/site-packages/django/utils/deprecation.py", line 119, in __call__
    response = self.process_request(request)
  File "/home/ufdxwals/virtualenv/inventory_test/3.10/lib/python3.10/site-packages/django/middleware/common.py", line 48, in process_request
    host = request.get_host()
  File "/home/ufdxwals/virtualenv/inventory_test/3.10/lib/python3.10/site-packages/django/http/request.py", line 202, in get_host
    raise DisallowedHost(msg)
django.core.exceptions.DisallowedHost: Invalid HTTP_HOST header: 'www.test.mohiit.org'. You may need to add 'www.test.mohiit.org' to ALLOWED_HOSTS.
ERROR 2026-01-07 23:05:40,429 log 2487057 140052077773312 Invalid HTTP_HOST header: 'www.test.mohiit.org'. You may need to add 'www.test.mohiit.org' to ALLOWED_HOSTS.
Traceback (most recent call last):
  File "/home/ufdxwals/virtualenv/inventory_test/3.10/lib/python3.10/site-packages/django/core/handlers/exception.py", line 55, in inner
    response = get_response(request)
  File "/home/ufdxwals/virtualenv/inventory_test/3.10/lib/python3.10/site-packages/django/utils/deprecation.py", line 119, in __call__
    response = self.process_request(request)
  File "/home/ufdxwals/virtualenv/inventory_test/3.10/lib/python3.10/site-packages/django/middleware/common.py", line 48, in process_request
    host = request.get_host()
  File "/home/ufdxwals/virtualenv/inventory_test/3.10/lib/python3.10/site-packages/django/http/request.py", line 202, in get_host
    raise DisallowedHost(msg)
django.core.exceptions.DisallowedHost: Invalid HTTP_HOST header: 'www.test.mohiit.org'. You may need to add 'www.test.mohiit.org' to ALLOWED_HOSTS.
ERROR 2026-01-09 07:14:09,540 log 1666148 140562457448960 Invalid HTTP_HOST header: 'www.test.mohiit.org'. You may need to add 'www.test.mohiit.org' to ALLOWED_HOSTS.
Traceback (most recent call last):
  File "/home/ufdxwals/virtualenv/inventory_test/3.10/lib/python3.10/site-packages/django/core/handlers/exception.py", line 55, in inner
    response = get_response(request)
  File "/home/ufdxwals/virtualenv/inventory_test/3.10/lib/python3.10/site-packages/django/utils/deprecation.py", line 119, in __call__
    response = self.process_request(request)
  File "/home/ufdxwals/virtualenv/inventory_test/3.10/lib/python3.10/site-packages/django/middleware/common.py", line 48, in process_request
    host = request.get_host()
  File "/home/ufdxwals/virtualenv/inventory_test/3.10/lib/python3.10/site-packages/django/http/request.py", line 202, in get_host
    raise DisallowedHost(msg)
django.core.exceptions.DisallowedHost: Invalid HTTP_HOST header: 'www.test.mohiit.org'. You may need to add 'www.test.mohiit.org' to ALLOWED_HOSTS.
ERROR 2026-01-09 07:17:06,228 log 1673336 140562457448960 Invalid HTTP_HOST header: 'www.test.mohiit.org'. You may need to add 'www.test.mohiit.org' to ALLOWED_HOSTS.
Traceback (most recent call last):
  File "/home/ufdxwals/virtualenv/inventory_test/3.10/lib/python3.10/site-packages/django/core/handlers/exception.py", line 55, in inner
    response = get_response(request)
  File "/home/ufdxwals/virtualenv/inventory_test/3.10/lib/python3.10/site-packages/django/utils/deprecation.py", line 119, in __call__
    response = self.process_request(request)
  File "/home/ufdxwals/virtualenv/inventory_test/3.10/lib/python3.10/site-packages/django/middleware/common.py", line 48, in process_request
    host = request.get_host()
  File "/home/ufdxwals/virtualenv/inventory_test/3.10/lib/python3.10/site-packages/django/http/request.py", line 202, in get_host
    raise DisallowedHost(msg)
django.core.exceptions.DisallowedHost: Invalid HTTP_HOST header: 'www.test.mohiit.org'. You may need to add 'www.test.mohiit.org' to ALLOWED_HOSTS.
ERROR 2026-01-09 18:41:01,069 log 3508471 140629746999808 Invalid HTTP_HOST header: 'www.test.mohiit.org'. You may need to add 'www.test.mohiit.org' to ALLOWED_HOSTS.
Traceback (most recent call last):
  File "/home/ufdxwals/virtualenv/inventory_test/3.10/lib/python3.10/site-packages/django/core/handlers/exception.py", line 55, in inner
    response = get_response(request)
  File "/home/ufdxwals/virtualenv/inventory_test/3.10/lib/python3.10/site-packages/django/utils/deprecation.py", line 119, in __call__
    response = self.process_request(request)
  File "/home/ufdxwals/virtualenv/inventory_test/3.10/lib/python3.10/site-packages/django/middleware/common.py", line 48, in process_request
    host = request.get_host()
  File "/home/ufdxwals/virtualenv/inventory_test/3.10/lib/python3.10/site-packages/django/http/request.py", line 202, in get_host
    raise DisallowedHost(msg)
django.core.exceptions.DisallowedHost: Invalid HTTP_HOST header: 'www.test.mohiit.org'. You may need to add 'www.test.mohiit.org' to ALLOWED_HOSTS.
ERROR 2026-01-09 18:41:01,645 log 3508471 140629746999808 Invalid HTTP_HOST header: 'www.test.mohiit.org'. You may need to add 'www.test.mohiit.org' to ALLOWED_HOSTS.
Traceback (most recent call last):
  File "/home/ufdxwals/virtualenv/inventory_test/3.10/lib/python3.10/site-packages/django/core/handlers/exception.py", line 55, in inner
    response = get_response(request)
  File "/home/ufdxwals/virtualenv/inventory_test/3.10/lib/python3.10/site-packages/django/utils/deprecation.py", line 119, in __call__
    response = self.process_request(request)
  File "/home/ufdxwals/virtualenv/inventory_test/3.10/lib/python3.10/site-packages/django/middleware/common.py", line 48, in process_request
    host = request.get_host()
  File "/home/ufdxwals/virtualenv/inventory_test/3.10/lib/python3.10/site-packages/django/http/request.py", line 202, in get_host
    raise DisallowedHost(msg)
django.core.exceptions.DisallowedHost: Invalid HTTP_HOST header: 'www.test.mohiit.org'. You may need to add 'www.test.mohiit.org' to ALLOWED_HOSTS.
ERROR 2026-01-10 05:15:59,327 log 1339815 139848039387648 Invalid HTTP_HOST header: 'www.test.mohiit.org'. You may need to add 'www.test.mohiit.org' to ALLOWED_HOSTS.
Traceback (most recent call last):
  File "/home/ufdxwals/virtualenv/inventory_test/3.10/lib/python3.10/site-packages/django/core/handlers/exception.py", line 55, in inner
    response = get_response(request)
  File "/home/ufdxwals/virtualenv/inventory_test/3.10/lib/python3.10/site-packages/django/utils/deprecation.py", line 119, in __call__
    response = self.process_request(request)
  File "/home/ufdxwals/virtualenv/inventory_test/3.10/lib/python3.10/site-packages/django/middleware/common.py", line 48, in process_request
    host = request.get_host()
  File "/home/ufdxwals/virtualenv/inventory_test/3.10/lib/python3.10/site-packages/django/http/request.py", line 202, in get_host
    raise DisallowedHost(msg)
django.core.exceptions.DisallowedHost: Invalid HTTP_HOST header: 'www.test.mohiit.org'. You may need to add 'www.test.mohiit.org' to ALLOWED_HOSTS.
ERROR 2026-01-10 17:04:48,885 log 1036703 139992160457216 Invalid HTTP_HOST header: 'www.test.mohiit.org'. You may need to add 'www.test.mohiit.org' to ALLOWED_HOSTS.
Traceback (most recent call last):
  File "/home/ufdxwals/virtualenv/inventory_test/3.10/lib/python3.10/site-packages/django/core/handlers/exception.py", line 55, in inner
    response = get_response(request)
  File "/home/ufdxwals/virtualenv/inventory_test/3.10/lib/python3.10/site-packages/django/utils/deprecation.py", line 119, in __call__
    response = self.process_request(request)
  File "/home/ufdxwals/virtualenv/inventory_test/3.10/lib/python3.10/site-packages/django/middleware/common.py", line 48, in process_request
    host = request.get_host()
  File "/home/ufdxwals/virtualenv/inventory_test/3.10/lib/python3.10/site-packages/django/http/request.py", line 202, in get_host
    raise DisallowedHost(msg)
django.core.exceptions.DisallowedHost: Invalid HTTP_HOST header: 'www.test.mohiit.org'. You may need to add 'www.test.mohiit.org' to ALLOWED_HOSTS.
ERROR 2026-01-13 12:26:55,145 log 3673039 140395578511872 Invalid HTTP_HOST header: 'www.test.mohiit.org'. You may need to add 'www.test.mohiit.org' to ALLOWED_HOSTS.
Traceback (most recent call last):
  File "/home/ufdxwals/virtualenv/inventory_test/3.10/lib/python3.10/site-packages/django/core/handlers/exception.py", line 55, in inner
    response = get_response(request)
  File "/home/ufdxwals/virtualenv/inventory_test/3.10/lib/python3.10/site-packages/django/utils/deprecation.py", line 119, in __call__
    response = self.process_request(request)
  File "/home/ufdxwals/virtualenv/inventory_test/3.10/lib/python3.10/site-packages/django/middleware/common.py", line 48, in process_request
    host = request.get_host()
  File "/home/ufdxwals/virtualenv/inventory_test/3.10/lib/python3.10/site-packages/django/http/request.py", line 202, in get_host
    raise DisallowedHost(msg)
django.core.exceptions.DisallowedHost: Invalid HTTP_HOST header: 'www.test.mohiit.org'. You may need to add 'www.test.mohiit.org' to ALLOWED_HOSTS.
